

HI-TECH Software PICC Macro Assembler V9.50PL2
                                                      Mon Aug 06 08:00:09 2018


     1                           	processor	16F877A
     2                           	opt	pw 79
     3                           	psect	text0,local,class=CODE,delta=2
     4                           	psect	config,global,class=CONFIG,delta=2
     5                           	psect	rdata_0,global,class=BANK0,space=1,delta
      +                          =1
     6                           	psect	idata_0,global,class=CODE,delta=2
     7                           	psect	text1,local,class=CODE,delta=2
     8                           	psect	text2,local,class=CODE,delta=2
     9                           	psect	text3,local,class=CODE,delta=2
    10                           	psect	text4,local,class=CODE,delta=2
    11                           	psect	text5,local,class=CODE,delta=2
    12                           	psect	text6,local,class=CODE,delta=2
    13  0000                     
    14  0000                     
    15  0000                     
    16  0000                     
    17  0000                     
    18  0000                     
    19  0000                     
    20  0000                     
    21  0000                     
    22  0000                     	;#
    23                           
    24                           	psect	text0
    25  07DB                     _print_uart
    26                           ;	_str assigned to ?a_print_uart+0
    27  0000                     _print_uart$str	set	?a_print_uart
    28                           ;_str stored from w
    29  07DB  0183               	clrf	3	;select bank 0
    30  07DC  00A0               	movwf	?a_print_uart
    31                           ;uart_.c: 14: void print_uart(unsigned char *st
      +                          r)
    32  07DD  2FE5               	goto	l2
    33  07DE                     l3
    34                           ;uart_.c: 18: {
    35  07DE  0820               	movf	?a_print_uart,w
    36  07DF  0084               	movwf	4
    37  07E0  1383               	bcf	3,7
    38  07E1  0800               	movf	0,w
    39  07E2  27B5               	call	_uart_tx
    40                           ;uart_.c: 20: delay();
    41  07E3  27BD               	call	_delay
    42                           ;uart_.c: 21: str++;
    43  07E4  0AA0               	incf	?a_print_uart
    44  07E5                     l2
    45  07E5  0820               	movf	?a_print_uart,w
    46  07E6  0084               	movwf	4
    47  07E7  1383               	bcf	3,7
    48  07E8  0880               	movf	0
    49  07E9  1903               	btfsc	3,2
    50  07EA  0008               	return
    51  07EB  2FDE               	goto	l3
    52                           
    53                           	psect	config
    54  2007  3F7A               	dw	16250	;#
    55                           
    56                           	psect	rdata_0
    57  0022                     _string
    58  0022                     	ds	1
    59  0023                     	ds	1
    60  0024                     	ds	1
    61  0025                     	ds	1
    62  0026                     	ds	1
    63  0027                     	ds	1
    64  0028                     	ds	1
    65  0029                     	ds	1
    66  002A                     	ds	1
    67  002B                     	ds	1
    68  002C                     	ds	1
    69  002D                     	ds	1
    70  002E                     	ds	1
    71  002F                     	ds	1
    72  0030                     	ds	1
    73  0031                     	ds	1
    74  0032                     	ds	1
    75  0033                     	ds	1
    76  0034                     	ds	1
    77  0035                     	ds	1
    78                           
    79                           	psect	idata_0
    80  07EC  3450               	retlw	80
    81  07ED  3449               	retlw	73
    82  07EE  3443               	retlw	67
    83  07EF  3420               	retlw	32
    84  07F0  3469               	retlw	105
    85  07F1  346E               	retlw	110
    86  07F2  3469               	retlw	105
    87  07F3  3474               	retlw	116
    88  07F4  3469               	retlw	105
    89  07F5  3461               	retlw	97
    90  07F6  346C               	retlw	108
    91  07F7  3469               	retlw	105
    92  07F8  347A               	retlw	122
    93  07F9  3465               	retlw	101
    94  07FA  3464               	retlw	100
    95  07FB  342E               	retlw	46
    96  07FC  342E               	retlw	46
    97  07FD  342E               	retlw	46
    98  07FE  340A               	retlw	10
    99  07FF  3400               	retlw	0
   100                           
   101                           	psect	text1
   102  07BD                     _delay
   103                           ;uart_.c: 25: void delay()
   104  07BD  0183               	clrf	3	;select bank 0
   105  07BE  1090               	bcf	16,1
   106                           ;uart_.c: 29: T1CKPS0=1;
   107  07BF  1610               	bsf	16,4
   108                           ;uart_.c: 30: T1CKPS1=1;
   109  07C0  1690               	bsf	16,5
   110                           ;uart_.c: 32: TMR1H=0XFA;
   111  07C1  30FA               	movlw	-6
   112  07C2  008F               	movwf	15	;volatile
   113                           ;uart_.c: 34: TMR1L=0XB0;
   114  07C3  30B0               	movlw	-80
   115  07C4  008E               	movwf	14	;volatile
   116                           ;uart_.c: 35: TMR1ON=1;
   117  07C5  1410               	bsf	16,0
   118                           ;uart_.c: 36: while(!TMR1IF);
   119  07C6                     l6
   120  07C6  1C0C               	btfss	12,0
   121  07C7  2FC6               	goto	l6
   122                           ;uart_.c: 37: TMR1IF=0;
   123  07C8  100C               	bcf	12,0
   124                           ;uart_.c: 38: TMR1ON=0;
   125  07C9  1010               	bcf	16,0
   126                           ;uart_.c: 39: }
   127  07CA  0008               	return	;W free
   128                           
   129                           	psect	text2
   130  07AA                     _main
   131                           ;uart_.c: 41: int main()
   132  07AA  27CB               	call	_uart_init
   133                           ;uart_.c: 44: print_uart(string);
   134  07AB  3022               	movlw	_string
   135  07AC  27DB               	call	_print_uart
   136                           ;uart_.c: 45: delay();
   137  07AD  27BD               	call	_delay
   138                           ;uart_.c: 46: while(1);
   139  07AE                     l10
   140  07AE  2FAE               	goto	l10
   141                           
   142                           	psect	text3
   143  07B5                     _uart_tx
   144                           ;	_val assigned to ?a_uart_tx+0
   145  0000                     _uart_tx$val	set	?a_uart_tx
   146                           ;_val stored from w
   147  07B5  0183               	clrf	3	;select bank 0
   148  07B6  00A1               	movwf	?a_uart_tx
   149                           ;uart_.c: 50: void uart_tx(unsigned char val)
   150  07B7  0821               	movf	?a_uart_tx,w
   151  07B8  0099               	movwf	25	;volatile
   152                           ;uart_.c: 54: while(TXIF==0);
   153  07B9                     l14
   154  07B9  1E0C               	btfss	12,4
   155  07BA  2FB9               	goto	l14
   156                           ;uart_.c: 55: TXIF=0;
   157  07BB  120C               	bcf	12,4
   158                           ;uart_.c: 56: }
   159  07BC  0008               	return	;W free
   160                           
   161                           	psect	text4
   162  07AF                     _uart_rc
   163                           ;uart_.c: 58: unsigned char uart_rc(void)
   164  07AF                     l18
   165  07AF  0183               	clrf	3	;select bank 0
   166  07B0  1E8C               	btfss	12,5
   167  07B1  2FAF               	goto	l18
   168                           ;uart_.c: 61: RCIF=0;
   169  07B2  128C               	bcf	12,5
   170                           ;uart_.c: 62: return RCREG;
   171  07B3  081A               	movf	26,w	;volatile
   172                           ;uart_.c: 63: }
   173  07B4  0008               	return	;uses W
   174                           
   175                           	psect	text5
   176  07CB                     _uart_init
   177                           ;uart_.c: 65: void uart_init(void)
   178  07CB  1683               	bsf	3,5
   179  07CC  1303               	bcf	3,6	;carry unused
   180  07CD  1307               	bcf	7,6
   181                           ;uart_.c: 68: TRISC7 = 1;
   182  07CE  1787               	bsf	7,7
   183                           ;uart_.c: 70: TXSTA = 0x00;
   184  07CF  0198               	clrf	24	;volatile
   185                           ;uart_.c: 71: RCSTA = 0x00;
   186  07D0  1283               	bcf	3,5
   187  07D1  0198               	clrf	24	;volatile
   188                           ;uart_.c: 72: SPBRG = 31;
   189  07D2  301F               	movlw	31
   190  07D3  1683               	bsf	3,5
   191  07D4  0099               	movwf	25	;volatile
   192                           ;uart_.c: 73: TXEN = 1;
   193  07D5  1698               	bsf	24,5
   194                           ;uart_.c: 74: SPEN = 1;
   195  07D6  1283               	bcf	3,5
   196  07D7  1798               	bsf	24,7
   197                           ;uart_.c: 75: TXIF=0;
   198  07D8  120C               	bcf	12,4
   199                           ;uart_.c: 76: RCIF=0;
   200  07D9  128C               	bcf	12,5
   201                           ;uart_.c: 77: }
   202  07DA  0008               	return	;W free
   203                           
   204                           	psect	text6
   205  0000                     
   206  0000                     
   207  0000                     
   208  0000                     
   209  0000                     
   210  0000                     
   211  0000                     
   212  0000                     
   213  0000                     
   214  0000                     
   215  0000                     
   216  0000                     
   217  0000                     
   218  0000                     
   219  0000                     
   220  0000                     
   221  0000                     
   222  0000                     
   223  0000                     
   224  0000                     
   225  0000                     
   226  0000                     
   227  0000                     
   228  0000                     
   229  0000                     
   230  0000                     
   231  0000                     
   232  0000                     
   233  0000                     
   234  0000                     
   235  0000                     
   236  0000                     
   237  0000                     
   238  0000                     
   239  0000                     
   240  0000                     
   241  0000                     
   242  0000                     
   243  0000                     
   244  0000                     
   245  0000                     
   246  0000                     
   247  0000                     
   248  0000                     
   249  0000                     
   250  0000                     
   251  0000                     
   252  0000                     
   253  0000                     
   254  0000                     
   255  0000                     
   256  0000                     
   257  0000                     
   258  0000                     
   259  0000                     
   260  0000                     
   261  0000                     
   262  0000                     
   263  0000                     
   264  0000                     
   265  0000                     
   266  0000                     
   267  0000                     
   268  0000                     
   269  0000                     
   270  0000                     
   271  0000                     
   272  0000                     
   273  0000                     
   274  0000                     
   275  0000                     
   276  0000                     
   277  0000                     
   278  0000                     
   279  0000                     
   280  0000                     
   281  0000                     
   282  0000                     
   283  0000                     
   284  0000                     
   285  0000                     
   286  0000                     
   287  0000                     
   288  0000                     
   289  0000                     
   290  0000                     
   291  0000                     
   292  0000                     
   293  0000                     
   294  0000                     
   295  0000                     
   296  0000                     
   297  0000                     
   298  0000                     
   299  0000                     
   300  0000                     
   301  0000                     
   302  0000                     
   303  0000                     
   304  0000                     
   305  0000                     
   306  0000                     
   307  0000                     
   308  0000                     
   309  0000                     
   310  0000                     
   311  0000                     
   312  0000                     
   313  0000                     
   314  0000                     
   315  0000                     
   316  0000                     
   317  0000                     
   318  0000                     
   319  0000                     
   320  0000                     
   321  0000                     
   322  0000                     
   323  0000                     
   324  0000                     
   325  0000                     
   326  0000                     
   327  0000                     
   328  0000                     
   329  0000                     
   330  0000                     
   331  0000                     
   332  0000                     
   333  0000                     
   334  0000                     
   335  0000                     
   336  0000                     
   337  0000                     
   338  0000                     
   339  0000                     
   340  0000                     
   341  0000                     
   342  0000                     
   343  0000                     
   344  0000                     
   345  0000                     
   346  0000                     
   347  0000                     
   348  0000                     
   349  0000                     
   350  0000                     
   351  0000                     
   352  0000                     
   353  0000                     
   354  0000                     
   355  0000                     
   356  0000                     
   357  0000                     
   358  0000                     
   359  0000                     
   360  0000                     
   361  0000                     
   362  0000                     
   363  0000                     
   364  0000                     
   365  0000                     
   366  0000                     
   367  0000                     
   368  0000                     
   369  0000                     
   370  0000                     
   371  0000                     
   372  0000                     
   373  0000                     
   374  0000                     
   375  0000                     
   376  0000                     
   377  0000                     
   378  0000                     
   379  0000                     
   380  0000                     
   381  0000                     
   382  0000                     
   383  0000                     
   384  0000                     
   385  0000                     
   386  0000                     
   387  0000                     
   388  0000                     
   389  0000                     
   390  0000                     
   391  0000                     
   392  0000                     
   393  0000                     
   394  0000                     
   395  0000                     
   396  0000                     
   397  0000                     
   398  0000                     
   399  0000                     
   400  0000                     
   401  0000                     
   402  0000                     
   403  0000                     
   404  0000                     
   405  0000                     
   406  0000                     
   407  0000                     
   408  0000                     
   409  0000                     
   410  0000                     
   411  0000                     
   412  0000                     
   413  0000                     
   414  0000                     
   415  0000                     
   416  0000                     
   417  0000                     
   418  0000                     
   419  0000                     
   420  0000                     
   421  0000                     
   422  0000                     
   423  0000                     
   424  0000                     
   425  0000                     
   426  0000                     
   427  0000                     
   428  0000                     
   429  0000                     
   430  0000                     
   431  0000                     
   432  0000                     
   433  0000                     
   434  0000                     
   435  0000                     
   436  0000                     
   437  0000                     
   438  0000                     
   439  0000                     
   440  0000                     
   441  0000                     
   442  0000                     
   443  0000                     
   444  0000                     
   445  0000                     
   446  0000                     
   447  0000                     
   448  0000                     
   449  0000                     
   450  0000                     
   451  0000                     
   452  0000                     
   453  0000                     
   454  0000                     
   455  0000                     
   456  0000                     
   457  0000                     
   458  0000                     
   459  0000                     
   460  0000                     
   461  0000                     
   462  0000                     
   463  0000                     
   464  0000                     
   465  0000                     
   466  0000                     
   467  0000                     
   468  0000                     
   469  0000                     
   470  0000                     
   471  0000                     
   472  0000                     
   473  0000                     
   474  0000                     
   475  0000                     
   476  0000                     
   477  0000                     
   478  0000                     
   479  0000                     
   480  0000                     


HI-TECH Software PICC Macro Assembler V9.50PL2
Symbol Table                                          Mon Aug 06 08:00:09 2018

             l2 07E5               l3 07DE               l6 07C6  
            l10 07AE              l14 07B9              l18 07AF  
            fsr 0004      _print_uart 07DB            _main 07AA  
        _string 0022       ?a_uart_tx 0021            start 0000  
     _uart_init 07CB           _delay 07BD         _uart_rc 07AF  
       _uart_tx 07B5           status 0003    ?a_print_uart 0020  
