

HI-TECH Software PICC Macro Assembler V9.50PL2
                                                      Sat Aug 04 12:55:02 2018


     1                           	processor	16F877A
     2                           	opt	pw 79
     3                           	psect	text0,local,class=CODE,delta=2
     4                           	psect	config,global,class=CONFIG,delta=2
     5                           	psect	text1,local,class=CODE,delta=2
     6                           	psect	text2,local,class=CODE,delta=2
     7                           	psect	text3,local,class=CODE,delta=2
     8                           	psect	text4,local,class=CODE,delta=2
     9                           	psect	text5,local,class=CODE,delta=2
    10  0000                     
    11  0000                     
    12  0000                     
    13  0000                     
    14  0000                     
    15  0000                     
    16  0000                     
    17  0000                     
    18  0000                     
    19  0000                     	;#
    20                           
    21                           	psect	text0
    22  07D4                     _delay
    23                           ;uart.c: 13: void delay()
    24  07D4  0183               	clrf	3	;select bank 0
    25  07D5  1090               	bcf	16,1
    26                           ;uart.c: 17: T1CKPS0=1;
    27  07D6  1610               	bsf	16,4
    28                           ;uart.c: 18: T1CKPS1=1;
    29  07D7  1690               	bsf	16,5
    30                           ;uart.c: 19: TMR1H=0X3C;
    31  07D8  303C               	movlw	60
    32  07D9  008F               	movwf	15	;volatile
    33                           ;uart.c: 20: TMR1L=0XB0;
    34  07DA  30B0               	movlw	-80
    35  07DB  008E               	movwf	14	;volatile
    36                           ;uart.c: 21: TMR1ON=1;
    37  07DC  1410               	bsf	16,0
    38                           ;uart.c: 22: while(!TMR1IF);
    39  07DD                     l2
    40  07DD  1C0C               	btfss	12,0
    41  07DE  2FDD               	goto	l2
    42                           ;uart.c: 23: TMR1IF=0;
    43  07DF  100C               	bcf	12,0
    44                           ;uart.c: 24: TMR1ON=0;
    45  07E0  1010               	bcf	16,0
    46                           ;uart.c: 25: }
    47  07E1  0008               	return	;W free
    48                           
    49                           	psect	config
    50  2007  3F7A               	dw	16250	;#
    51                           
    52                           	psect	text1
    53  07E2                     _main
    54                           ;uart.c: 27: int main()
    55  07E2  27F0               	call	_uart_init
    56                           ;uart.c: 30: uart_tx('a');
    57  07E3  3061               	movlw	97
    58  07E4  27CC               	call	_uart_tx
    59                           ;uart.c: 31: delay();
    60  07E5  27D4               	call	_delay
    61                           ;uart.c: 32: uart_tx('b');
    62  07E6  3062               	movlw	98
    63  07E7  27CC               	call	_uart_tx
    64                           ;uart.c: 33: delay();
    65  07E8  27D4               	call	_delay
    66                           ;uart.c: 34: uart_tx('c');
    67  07E9  3063               	movlw	99
    68  07EA  27CC               	call	_uart_tx
    69                           ;uart.c: 35: delay();
    70  07EB  27D4               	call	_delay
    71                           ;uart.c: 36: uart_tx('d');
    72  07EC  3064               	movlw	100
    73  07ED  27CC               	call	_uart_tx
    74                           ;uart.c: 37: delay();
    75  07EE  27D4               	call	_delay
    76                           ;uart.c: 38: while(1);
    77  07EF                     l6
    78  07EF  2FEF               	goto	l6
    79                           
    80                           	psect	text2
    81  07CC                     _uart_tx
    82                           ;	_val assigned to ?a_uart_tx+0
    83  0000                     _uart_tx$val	set	?a_uart_tx
    84                           ;_val stored from w
    85  07CC  0183               	clrf	3	;select bank 0
    86  07CD  00A0               	movwf	?a_uart_tx
    87                           ;uart.c: 42: void uart_tx(unsigned char val)
    88  07CE  0820               	movf	?a_uart_tx,w
    89  07CF  0099               	movwf	25	;volatile
    90                           ;uart.c: 46: while(TXIF==0);
    91  07D0                     l10
    92  07D0  1E0C               	btfss	12,4
    93  07D1  2FD0               	goto	l10
    94                           ;uart.c: 47: TXIF=0;
    95  07D2  120C               	bcf	12,4
    96                           ;uart.c: 48: }
    97  07D3  0008               	return	;W free
    98                           
    99                           	psect	text3
   100  07C6                     _uart_rc
   101                           ;uart.c: 50: unsigned char uart_rc(void)
   102  07C6                     l14
   103  07C6  0183               	clrf	3	;select bank 0
   104  07C7  1E8C               	btfss	12,5
   105  07C8  2FC6               	goto	l14
   106                           ;uart.c: 53: RCIF=0;
   107  07C9  128C               	bcf	12,5
   108                           ;uart.c: 54: return RCREG;
   109  07CA  081A               	movf	26,w	;volatile
   110                           ;uart.c: 55: }
   111  07CB  0008               	return	;uses W
   112                           
   113                           	psect	text4
   114  07F0                     _uart_init
   115                           ;uart.c: 57: void uart_init(void)
   116  07F0  1683               	bsf	3,5
   117  07F1  1303               	bcf	3,6	;carry unused
   118  07F2  1307               	bcf	7,6
   119                           ;uart.c: 60: TRISC7 = 1;
   120  07F3  1787               	bsf	7,7
   121                           ;uart.c: 62: TXSTA = 0x00;
   122  07F4  0198               	clrf	24	;volatile
   123                           ;uart.c: 63: RCSTA = 0x00;
   124  07F5  1283               	bcf	3,5
   125  07F6  0198               	clrf	24	;volatile
   126                           ;uart.c: 64: SPBRG = 31;
   127  07F7  301F               	movlw	31
   128  07F8  1683               	bsf	3,5
   129  07F9  0099               	movwf	25	;volatile
   130                           ;uart.c: 65: TXEN = 1;
   131  07FA  1698               	bsf	24,5
   132                           ;uart.c: 66: SPEN = 1;
   133  07FB  1283               	bcf	3,5
   134  07FC  1798               	bsf	24,7
   135                           ;uart.c: 67: TXIF=0;
   136  07FD  120C               	bcf	12,4
   137                           ;uart.c: 68: RCIF=0;
   138  07FE  128C               	bcf	12,5
   139                           ;uart.c: 69: }
   140  07FF  0008               	return	;W free
   141                           
   142                           	psect	text5
   143  0000                     
   144  0000                     
   145  0000                     
   146  0000                     
   147  0000                     
   148  0000                     
   149  0000                     
   150  0000                     
   151  0000                     
   152  0000                     
   153  0000                     
   154  0000                     
   155  0000                     
   156  0000                     
   157  0000                     
   158  0000                     
   159  0000                     
   160  0000                     
   161  0000                     
   162  0000                     
   163  0000                     
   164  0000                     
   165  0000                     
   166  0000                     
   167  0000                     
   168  0000                     
   169  0000                     
   170  0000                     
   171  0000                     
   172  0000                     
   173  0000                     
   174  0000                     
   175  0000                     
   176  0000                     
   177  0000                     
   178  0000                     
   179  0000                     
   180  0000                     
   181  0000                     
   182  0000                     
   183  0000                     
   184  0000                     
   185  0000                     
   186  0000                     
   187  0000                     
   188  0000                     
   189  0000                     
   190  0000                     
   191  0000                     
   192  0000                     
   193  0000                     
   194  0000                     
   195  0000                     
   196  0000                     
   197  0000                     
   198  0000                     
   199  0000                     
   200  0000                     
   201  0000                     
   202  0000                     
   203  0000                     
   204  0000                     
   205  0000                     
   206  0000                     
   207  0000                     
   208  0000                     
   209  0000                     
   210  0000                     
   211  0000                     
   212  0000                     
   213  0000                     
   214  0000                     
   215  0000                     
   216  0000                     
   217  0000                     
   218  0000                     
   219  0000                     
   220  0000                     
   221  0000                     
   222  0000                     
   223  0000                     
   224  0000                     
   225  0000                     
   226  0000                     
   227  0000                     
   228  0000                     
   229  0000                     
   230  0000                     
   231  0000                     
   232  0000                     
   233  0000                     
   234  0000                     
   235  0000                     
   236  0000                     
   237  0000                     
   238  0000                     
   239  0000                     
   240  0000                     
   241  0000                     
   242  0000                     
   243  0000                     
   244  0000                     
   245  0000                     
   246  0000                     
   247  0000                     
   248  0000                     
   249  0000                     
   250  0000                     
   251  0000                     
   252  0000                     
   253  0000                     
   254  0000                     
   255  0000                     
   256  0000                     
   257  0000                     
   258  0000                     
   259  0000                     
   260  0000                     
   261  0000                     
   262  0000                     
   263  0000                     
   264  0000                     
   265  0000                     
   266  0000                     
   267  0000                     
   268  0000                     
   269  0000                     
   270  0000                     
   271  0000                     
   272  0000                     
   273  0000                     
   274  0000                     
   275  0000                     
   276  0000                     
   277  0000                     
   278  0000                     
   279  0000                     
   280  0000                     
   281  0000                     
   282  0000                     
   283  0000                     
   284  0000                     
   285  0000                     
   286  0000                     
   287  0000                     
   288  0000                     
   289  0000                     
   290  0000                     
   291  0000                     
   292  0000                     
   293  0000                     
   294  0000                     
   295  0000                     
   296  0000                     
   297  0000                     
   298  0000                     
   299  0000                     
   300  0000                     
   301  0000                     
   302  0000                     
   303  0000                     
   304  0000                     
   305  0000                     
   306  0000                     
   307  0000                     
   308  0000                     
   309  0000                     
   310  0000                     
   311  0000                     
   312  0000                     
   313  0000                     
   314  0000                     
   315  0000                     
   316  0000                     
   317  0000                     
   318  0000                     
   319  0000                     
   320  0000                     
   321  0000                     
   322  0000                     
   323  0000                     
   324  0000                     
   325  0000                     
   326  0000                     
   327  0000                     
   328  0000                     
   329  0000                     
   330  0000                     
   331  0000                     
   332  0000                     
   333  0000                     
   334  0000                     
   335  0000                     
   336  0000                     
   337  0000                     
   338  0000                     
   339  0000                     
   340  0000                     
   341  0000                     
   342  0000                     
   343  0000                     
   344  0000                     
   345  0000                     
   346  0000                     
   347  0000                     
   348  0000                     
   349  0000                     
   350  0000                     
   351  0000                     
   352  0000                     
   353  0000                     
   354  0000                     
   355  0000                     
   356  0000                     
   357  0000                     
   358  0000                     
   359  0000                     
   360  0000                     
   361  0000                     
   362  0000                     
   363  0000                     
   364  0000                     
   365  0000                     
   366  0000                     
   367  0000                     
   368  0000                     
   369  0000                     
   370  0000                     
   371  0000                     
   372  0000                     
   373  0000                     
   374  0000                     
   375  0000                     
   376  0000                     
   377  0000                     
   378  0000                     
   379  0000                     
   380  0000                     
   381  0000                     
   382  0000                     
   383  0000                     
   384  0000                     
   385  0000                     
   386  0000                     
   387  0000                     
   388  0000                     
   389  0000                     
   390  0000                     
   391  0000                     
   392  0000                     
   393  0000                     
   394  0000                     
   395  0000                     
   396  0000                     
   397  0000                     
   398  0000                     
   399  0000                     
   400  0000                     
   401  0000                     
   402  0000                     
   403  0000                     
   404  0000                     
   405  0000                     
   406  0000                     
   407  0000                     
   408  0000                     
   409  0000                     
   410  0000                     
   411  0000                     
   412  0000                     
   413  0000                     
   414  0000                     
   415  0000                     
   416  0000                     
   417  0000                     
   418  0000                     


HI-TECH Software PICC Macro Assembler V9.50PL2
Symbol Table                                          Sat Aug 04 12:55:02 2018

          l2 07DD            l6 07EF           l10 07D0           l14 07C6  
       _main 07E2    ?a_uart_tx 0020         start 0000    _uart_init 07F0  
      _delay 07D4      _uart_rc 07C6      _uart_tx 07CC        status 0003  
