

HI-TECH Software PIC LITE Macro Assembler V9.81 build 7503 
                                                                                               Mon Aug 13 11:56:27 2018

HI-TECH Software Omniscient Code Generator (Lite mode) build 7503
     1  0000                     opt subtitle "HI-TECH Software Omniscient Code Generator (Lite mode) build 7503"
     2                           
     3                           opt pagewidth 120
     4                           
     5                           	opt lm
     6                           
     7                           	processor	16F877A
     8                           clrc	macro
     9                           	bcf	3,0
    10  0000                     	endm
    11                           clrz	macro
    12                           	bcf	3,2
    13  0000                     	endm
    14                           setc	macro
    15                           	bsf	3,0
    16  0000                     	endm
    17                           setz	macro
    18                           	bsf	3,2
    19  0000                     	endm
    20                           skipc	macro
    21                           	btfss	3,0
    22  0000                     	endm
    23                           skipz	macro
    24                           	btfss	3,2
    25  0000                     	endm
    26                           skipnc	macro
    27                           	btfsc	3,0
    28  0000                     	endm
    29                           skipnz	macro
    30                           	btfsc	3,2
    31  0000                     	endm
    32  0000                     indf	equ	0
    33  0000                     indf0	equ	0
    34  0002                     pc	equ	2
    35  0002                     pcl	equ	2
    36  0003                     status	equ	3
    37  0004                     fsr	equ	4
    38  0004                     fsr0	equ	4
    39  0001                     c	equ	1
    40  0000                     z	equ	0
    41  000A                     pclath	equ	10
    42                           # 18 "C:\Users\Jeeva\Desktop\mplab\hardware\TIME\7seg_time_second.c"
    43                           	psect config,class=CONFIG,delta=2 ;#
    44                           # 18 "C:\Users\Jeeva\Desktop\mplab\hardware\TIME\7seg_time_second.c"
    45  2007  1F7A               	dw 0x1F7A ;#
    46                           	FNCALL	_main,_num
    47                           	FNCALL	_num,_second_1st_dig
    48                           	FNCALL	_num,_second_2nd_dig
    49                           	FNCALL	_num,_hour_1st_dig
    50                           	FNCALL	_num,_hour_2nd_dig
    51                           	FNCALL	_hour_2nd_dig,_delay
    52                           	FNCALL	_hour_1st_dig,_delay
    53                           	FNCALL	_second_2nd_dig,_delay
    54                           	FNCALL	_second_1st_dig,_delay
    55                           	FNROOT	_main
    56                           	global	_arr
    57                           psect	idataBANK0,class=CODE,space=0,delta=2
    58                           global __pidataBANK0
    59  05F8                     __pidataBANK0:
    60                           	file	"C:\Users\Jeeva\Desktop\mplab\hardware\TIME\7seg_time_second.c"
    61                           	line	25
    62                           
    63                           ;initializer for _arr
    64  05F8  34FC               	retlw	0FCh
    65  05F9  3460               	retlw	060h
    66  05FA  34DA               	retlw	0DAh
    67  05FB  34F2               	retlw	0F2h
    68  05FC  3466               	retlw	066h
    69  05FD  34B6               	retlw	0B6h
    70  05FE  34BE               	retlw	0BEh
    71  05FF  34E0               	retlw	0E0h
    72  0600  34FE               	retlw	0FEh
    73  0601  34F6               	retlw	0F6h
    74                           	global	_f
    75                           	global	_b
    76                           	global	_c
    77                           	global	_d
    78                           	global	_e
    79                           	global	_i
    80                           	global	_j
    81                           	global	_a
    82                           psect	nvBANK0,class=BANK0,space=1
    83                           global __pnvBANK0
    84  002A                     __pnvBANK0:
    85  002A                     _a:
    86  002A                            ds      2
    87                           
    88                           	global	_PORTB
    89  0006                     _PORTB	set	6
    90                           	global	_TMR1H
    91  000F                     _TMR1H	set	15
    92                           	global	_TMR1L
    93  000E                     _TMR1L	set	14
    94                           	global	_RD0
    95  0040                     _RD0	set	64
    96                           	global	_RD1
    97  0041                     _RD1	set	65
    98                           	global	_RD2
    99  0042                     _RD2	set	66
   100                           	global	_RD3
   101  0043                     _RD3	set	67
   102                           	global	_T1CKPS0
   103  0084                     _T1CKPS0	set	132
   104                           	global	_T1CKPS1
   105  0085                     _T1CKPS1	set	133
   106                           	global	_TMR1CS
   107  0081                     _TMR1CS	set	129
   108                           	global	_TMR1IF
   109  0060                     _TMR1IF	set	96
   110                           	global	_TMR1ON
   111  0080                     _TMR1ON	set	128
   112                           	global	_TRISB
   113  0086                     _TRISB	set	134
   114                           	global	_TRISD0
   115  0440                     _TRISD0	set	1088
   116                           	global	_TRISD1
   117  0441                     _TRISD1	set	1089
   118                           	global	_TRISD2
   119  0442                     _TRISD2	set	1090
   120                           	global	_TRISD3
   121  0443                     _TRISD3	set	1091
   122                           	file	"7sed_time__second.as"
   123                           	line	#
   124                           psect cinit,class=CODE,delta=2
   125                           global start_initialization
   126  065C                     start_initialization:
   127                           
   128                           psect	bssCOMMON,class=COMMON,space=1
   129                           global __pbssCOMMON
   130  0070                     __pbssCOMMON:
   131  0070                     _b:
   132  0070                            ds      2
   133                           
   134  0072                     _c:
   135  0072                            ds      2
   136                           
   137  0074                     _d:
   138  0074                            ds      2
   139                           
   140  0076                     _e:
   141  0076                            ds      2
   142                           
   143  0078                     _i:
   144  0078                            ds      2
   145                           
   146  007A                     _j:
   147  007A                            ds      2
   148                           
   149                           psect	bssBANK0,class=BANK0,space=1
   150                           global __pbssBANK0
   151  002C                     __pbssBANK0:
   152  002C                     _f:
   153  002C                            ds      2
   154                           
   155                           psect	dataBANK0,class=BANK0,space=1
   156                           global __pdataBANK0
   157  0020                     __pdataBANK0:
   158                           	file	"C:\Users\Jeeva\Desktop\mplab\hardware\TIME\7seg_time_second.c"
   159  0020                     _arr:
   160  0020                            ds      10
   161                           
   162                           ; Clear objects allocated to COMMON
   163                           psect cinit,class=CODE,delta=2
   164  065C  01F0               	clrf	((__pbssCOMMON)+0)&07Fh
   165  065D  01F1               	clrf	((__pbssCOMMON)+1)&07Fh
   166  065E  01F2               	clrf	((__pbssCOMMON)+2)&07Fh
   167  065F  01F3               	clrf	((__pbssCOMMON)+3)&07Fh
   168  0660  01F4               	clrf	((__pbssCOMMON)+4)&07Fh
   169  0661  01F5               	clrf	((__pbssCOMMON)+5)&07Fh
   170  0662  01F6               	clrf	((__pbssCOMMON)+6)&07Fh
   171  0663  01F7               	clrf	((__pbssCOMMON)+7)&07Fh
   172  0664  01F8               	clrf	((__pbssCOMMON)+8)&07Fh
   173  0665  01F9               	clrf	((__pbssCOMMON)+9)&07Fh
   174  0666  01FA               	clrf	((__pbssCOMMON)+10)&07Fh
   175  0667  01FB               	clrf	((__pbssCOMMON)+11)&07Fh
   176                           ; Clear objects allocated to BANK0
   177                           psect cinit,class=CODE,delta=2
   178  0668  01AC               	clrf	((__pbssBANK0)+0)&07Fh
   179  0669  01AD               	clrf	((__pbssBANK0)+1)&07Fh
   180                           global btemp
   181                           psect inittext,class=CODE,delta=2
   182                           global init_fetch,btemp
   183                           ;	Called with low address in FSR and high address in W
   184  0602                     init_fetch:
   185  0602  087E               	movf btemp,w
   186  0603  008A               	movwf pclath
   187  0604  087F               	movf btemp+1,w
   188  0605  0082               	movwf pc
   189                           global init_ram
   190                           ;Called with:
   191                           ;	high address of idata address in btemp 
   192                           ;	low address of idata address in btemp+1 
   193                           ;	low address of data in FSR
   194                           ;	high address + 1 of data in btemp-1
   195  0606                     init_ram:
   196  0606  2602  120A  118A   	fcall init_fetch
   197  0609  0080               	movwf indf,f
   198  060A  0A84               	incf fsr,f
   199  060B  0804               	movf fsr,w
   200  060C  067D               	xorwf btemp-1,w
   201  060D  1903               	btfsc status,2
   202  060E  3400               	retlw 0
   203  060F  0AFF               	incf btemp+1,f
   204  0610  1903               	btfsc status,2
   205  0611  0AFE               	incf btemp,f
   206  0612  2E06               	goto init_ram
   207                           ; Initialize objects allocated to BANK0
   208                           psect cinit,class=CODE,delta=2
   209                           global init_ram, __pidataBANK0
   210  066A  1383               	bcf	status, 7	;select IRP bank0
   211  066B  302A               	movlw low(__pdataBANK0+10)
   212  066C  00FD               	movwf btemp-1,f
   213  066D  3005               	movlw high(__pidataBANK0)
   214  066E  00FE               	movwf btemp,f
   215  066F  30F8               	movlw low(__pidataBANK0)
   216  0670  00FF               	movwf btemp+1,f
   217  0671  3020               	movlw low(__pdataBANK0)
   218  0672  0084               	movwf fsr,f
   219  0673  120A  118A  2606   	fcall init_ram
              120A  118A         
   220                           psect cinit,class=CODE,delta=2
   221                           global end_of_initialization
   222                           
   223                           ;End of C runtime variable initialization code
   224                           
   225  0678                     end_of_initialization:
   226  0678  0183               clrf status
   227  0679  120A  118A  2F09   ljmp _main	;jump to C main() function
   228                           psect	cstackCOMMON,class=COMMON,space=1
   229                           global __pcstackCOMMON
   230  007C                     __pcstackCOMMON:
   231                           	global	?_num
   232  007C                     ?_num:	; 0 bytes @ 0x0
   233                           	global	?_second_1st_dig
   234  007C                     ?_second_1st_dig:	; 0 bytes @ 0x0
   235                           	global	?_second_2nd_dig
   236  007C                     ?_second_2nd_dig:	; 0 bytes @ 0x0
   237                           	global	?_hour_1st_dig
   238  007C                     ?_hour_1st_dig:	; 0 bytes @ 0x0
   239                           	global	?_hour_2nd_dig
   240  007C                     ?_hour_2nd_dig:	; 0 bytes @ 0x0
   241                           	global	?_delay
   242  007C                     ?_delay:	; 0 bytes @ 0x0
   243                           	global	??_delay
   244  007C                     ??_delay:	; 0 bytes @ 0x0
   245                           	global	?_main
   246  007C                     ?_main:	; 2 bytes @ 0x0
   247  007C                     	ds	2
   248                           	global	??_num
   249  007E                     ??_num:	; 0 bytes @ 0x2
   250                           	global	??_second_1st_dig
   251  007E                     ??_second_1st_dig:	; 0 bytes @ 0x2
   252                           	global	??_second_2nd_dig
   253  007E                     ??_second_2nd_dig:	; 0 bytes @ 0x2
   254                           	global	??_hour_1st_dig
   255  007E                     ??_hour_1st_dig:	; 0 bytes @ 0x2
   256                           	global	??_hour_2nd_dig
   257  007E                     ??_hour_2nd_dig:	; 0 bytes @ 0x2
   258                           	global	??_main
   259  007E                     ??_main:	; 0 bytes @ 0x2
   260 ;;Data sizes: Strings 0, constant 0, data 10, bss 14, persistent 2 stack 0
   261 ;;Auto spaces:   Size  Autos    Used
   262 ;; COMMON          14      2      14
   263 ;; BANK0           80      0      14
   264 ;; BANK1           80      0       0
   265 ;; BANK3           96      0       0
   266 ;; BANK2           96      0       0
   267                           
   268 ;;
   269 ;; Pointer list with targets:
   270                           
   271 ;; ?_hour_2nd_dig	void  size(1) Largest target is 0
   272 ;;
   273 ;; ?_hour_1st_dig	void  size(1) Largest target is 0
   274 ;;
   275 ;; ?_second_2nd_dig	void  size(1) Largest target is 0
   276 ;;
   277 ;; ?_second_1st_dig	void  size(1) Largest target is 0
   278 ;;
   279                           
   280                           
   281 ;;
   282 ;; Critical Paths under _main in COMMON
   283 ;;
   284 ;;   _num->_second_1st_dig
   285 ;;   _num->_second_2nd_dig
   286 ;;   _num->_hour_1st_dig
   287 ;;   _num->_hour_2nd_dig
   288 ;;
   289 ;; Critical Paths under _main in BANK0
   290 ;;
   291 ;;   None.
   292 ;;
   293 ;; Critical Paths under _main in BANK1
   294 ;;
   295 ;;   None.
   296 ;;
   297 ;; Critical Paths under _main in BANK3
   298 ;;
   299 ;;   None.
   300 ;;
   301 ;; Critical Paths under _main in BANK2
   302 ;;
   303 ;;   None.
   304                           
   305 ;;
   306 ;;Main: autosize = 0, tempsize = 0, incstack = 0, save=0
   307 ;;
   308                           
   309 ;;
   310 ;;Call Graph Tables:
   311 ;;
   312 ;; ---------------------------------------------------------------------------------
   313 ;; (Depth) Function   	        Calls       Base Space   Used Autos Params    Refs
   314 ;; ---------------------------------------------------------------------------------
   315 ;; (0) _main                                                 0     0      0       0
   316 ;;                                _num
   317 ;; ---------------------------------------------------------------------------------
   318 ;; (1) _num                                                  0     0      0       0
   319 ;;                     _second_1st_dig
   320 ;;                     _second_2nd_dig
   321 ;;                       _hour_1st_dig
   322 ;;                       _hour_2nd_dig
   323 ;; ---------------------------------------------------------------------------------
   324 ;; (2) _hour_2nd_dig                                         2     0      2       0
   325 ;;                                              0 COMMON     2     0      2
   326 ;;                              _delay
   327 ;; ---------------------------------------------------------------------------------
   328 ;; (2) _hour_1st_dig                                         2     0      2       0
   329 ;;                                              0 COMMON     2     0      2
   330 ;;                              _delay
   331 ;; ---------------------------------------------------------------------------------
   332 ;; (2) _second_2nd_dig                                       2     0      2       0
   333 ;;                                              0 COMMON     2     0      2
   334 ;;                              _delay
   335 ;; ---------------------------------------------------------------------------------
   336 ;; (2) _second_1st_dig                                       2     0      2       0
   337 ;;                                              0 COMMON     2     0      2
   338 ;;                              _delay
   339 ;; ---------------------------------------------------------------------------------
   340 ;; (3) _delay                                                0     0      0       0
   341 ;; ---------------------------------------------------------------------------------
   342 ;; Estimated maximum stack depth 3
   343 ;; ---------------------------------------------------------------------------------
   344                           
   345 ;; Call Graph Graphs:
   346                           
   347 ;; _main (ROOT)
   348 ;;   _num
   349 ;;     _second_1st_dig
   350 ;;       _delay
   351 ;;     _second_2nd_dig
   352 ;;       _delay
   353 ;;     _hour_1st_dig
   354 ;;       _delay
   355 ;;     _hour_2nd_dig
   356 ;;       _delay
   357 ;;
   358                           
   359 ;; Address spaces:
   360                           
   361 ;;Name               Size   Autos  Total    Cost      Usage
   362 ;;BANK3               60      0       0       9        0.0%
   363 ;;BITBANK3            60      0       0       8        0.0%
   364 ;;SFR3                 0      0       0       4        0.0%
   365 ;;BITSFR3              0      0       0       4        0.0%
   366 ;;BANK2               60      0       0      11        0.0%
   367 ;;BITBANK2            60      0       0      10        0.0%
   368 ;;SFR2                 0      0       0       5        0.0%
   369 ;;BITSFR2              0      0       0       5        0.0%
   370 ;;SFR1                 0      0       0       2        0.0%
   371 ;;BITSFR1              0      0       0       2        0.0%
   372 ;;BANK1               50      0       0       7        0.0%
   373 ;;BITBANK1            50      0       0       6        0.0%
   374 ;;CODE                 0      0       0       0        0.0%
   375 ;;DATA                 0      0      1F      12        0.0%
   376 ;;ABS                  0      0      1C       3        0.0%
   377 ;;NULL                 0      0       0       0        0.0%
   378 ;;STACK                0      0       3       2        0.0%
   379 ;;BANK0               50      0       E       5       17.5%
   380 ;;BITBANK0            50      0       0       4        0.0%
   381 ;;SFR0                 0      0       0       1        0.0%
   382 ;;BITSFR0              0      0       0       1        0.0%
   383 ;;COMMON               E      2       E       1      100.0%
   384 ;;BITCOMMON            E      0       0       0        0.0%
   385 ;;EEDATA             100      0       0       0        0.0%
   386                           
   387                           	global	_main
   388                           psect	maintext,global,class=CODE,delta=2
   389                           global __pmaintext
   390  0709                     __pmaintext:
   391                           
   392 ;; *************** function _main *****************
   393 ;; Defined at:
   394 ;;		line 30 in file "C:\Users\Jeeva\Desktop\mplab\hardware\TIME\7seg_time_second.c"
   395 ;; Parameters:    Size  Location     Type
   396 ;;		None
   397 ;; Auto vars:     Size  Location     Type
   398 ;;		None
   399 ;; Return value:  Size  Location     Type
   400 ;;                  2  712[COMMON] int 
   401 ;; Registers used:
   402 ;;		wreg, fsr0l, fsr0h, status,2, status,0, btemp+1, pclath, cstack
   403 ;; Tracked objects:
   404 ;;		On entry : 17F/0
   405 ;;		On exit  : 0/0
   406 ;;		Unchanged: 0/0
   407 ;; Data sizes:     COMMON   BANK0   BANK1   BANK3   BANK2
   408 ;;      Params:         0       0       0       0       0
   409 ;;      Locals:         0       0       0       0       0
   410 ;;      Temps:          0       0       0       0       0
   411 ;;      Totals:         0       0       0       0       0
   412 ;;Total ram usage:        0 bytes
   413 ;; Hardware stack levels required when called:    3
   414 ;; This function calls:
   415 ;;		_num
   416 ;; This function is called by:
   417 ;;		Startup code after reset
   418 ;; This function uses a non-reentrant model
   419 ;;
   420                           psect	maintext
   421                           	file	"C:\Users\Jeeva\Desktop\mplab\hardware\TIME\7seg_time_second.c"
   422                           	line	30
   423                           	global	__size_of_main
   424  00F7                     	__size_of_main	equ	__end_of_main-_main
   425                           	
   426  0709                     _main:	
   427                           	opt	stack 5
   428                           ; Regs used in _main: [wreg-fsr0h+status,2+status,0+btemp+1+pclath+cstack]
   429                           	line	31
   430                           	
   431  0709                     l2056:	
   432                           ;7seg_time_second.c: 31: TRISD3 = TRISD2 = TRISD1 = TRISD0 = 0;
   433  0709  1683               	bsf	status, 5	;RP0=1, select bank1
   434  070A  1303               	bcf	status, 6	;RP1=0, select bank1
   435  070B  1008               	bcf	(1088/8)^080h,(1088)&7
   436  070C  1088               	bcf	(1089/8)^080h,(1089)&7
   437  070D  1108               	bcf	(1090/8)^080h,(1090)&7
   438  070E  1188               	bcf	(1091/8)^080h,(1091)&7
   439                           	line	32
   440                           	
   441  070F                     l2058:	
   442                           ;7seg_time_second.c: 32: TRISB = 0;
   443  070F  0186               	clrf	(134)^080h	;volatile
   444                           	line	33
   445                           ;7seg_time_second.c: 33: while(1)
   446                           	
   447  0710                     l713:	
   448                           	line	35
   449                           ;7seg_time_second.c: 34: {
   450                           ;7seg_time_second.c: 35: for(a=0;a<6;a++)
   451  0710  1283               	bcf	status, 5	;RP0=0, select bank0
   452  0711  1303               	bcf	status, 6	;RP1=0, select bank0
   453  0712  01AA               	clrf	(_a)
   454  0713  01AB               	clrf	(_a+1)
   455                           	
   456  0714                     l2060:	
   457  0714  082B               	movf	(_a+1),w
   458  0715  3A80               	xorlw	80h
   459  0716  00FF               	movwf	btemp+1
   460  0717  3080               	movlw	(high(06h))^80h
   461  0718  027F               	subwf	btemp+1,w
   462  0719  1D03               	skipz
   463  071A  2F1D               	goto	u2365
   464  071B  3006               	movlw	low(06h)
   465  071C  022A               	subwf	(_a),w
   466  071D                     u2365:
   467                           
   468  071D  1C03               	skipc
   469  071E  2F20               	goto	u2361
   470  071F  2F21               	goto	u2360
   471  0720                     u2361:
   472  0720  2F23               	goto	l2064
   473  0721                     u2360:
   474  0721  2F10               	goto	l713
   475                           	
   476  0722                     l2062:	
   477  0722  2F10               	goto	l713
   478                           	line	36
   479                           	
   480  0723                     l714:	
   481                           	
   482  0723                     l2064:	
   483                           ;7seg_time_second.c: 36: for(b=0;b<10;b++)
   484  0723  01F0               	clrf	(_b)
   485  0724  01F1               	clrf	(_b+1)
   486                           	
   487  0725                     l2066:	
   488  0725  0871               	movf	(_b+1),w
   489  0726  3A80               	xorlw	80h
   490  0727  00FF               	movwf	btemp+1
   491  0728  3080               	movlw	(high(0Ah))^80h
   492  0729  027F               	subwf	btemp+1,w
   493  072A  1D03               	skipz
   494  072B  2F2E               	goto	u2375
   495  072C  300A               	movlw	low(0Ah)
   496  072D  0270               	subwf	(_b),w
   497  072E                     u2375:
   498                           
   499  072E  1C03               	skipc
   500  072F  2F31               	goto	u2371
   501  0730  2F32               	goto	u2370
   502  0731                     u2371:
   503  0731  2F34               	goto	l2070
   504  0732                     u2370:
   505  0732  2FE5               	goto	l2116
   506                           	
   507  0733                     l2068:	
   508  0733  2FE5               	goto	l2116
   509                           	line	37
   510                           	
   511  0734                     l716:	
   512                           	
   513  0734                     l2070:	
   514                           ;7seg_time_second.c: 37: for(e=0;e<6;e++)
   515  0734  01F6               	clrf	(_e)
   516  0735  01F7               	clrf	(_e+1)
   517                           	
   518  0736                     l2072:	
   519  0736  0877               	movf	(_e+1),w
   520  0737  3A80               	xorlw	80h
   521  0738  00FF               	movwf	btemp+1
   522  0739  3080               	movlw	(high(06h))^80h
   523  073A  027F               	subwf	btemp+1,w
   524  073B  1D03               	skipz
   525  073C  2F3F               	goto	u2385
   526  073D  3006               	movlw	low(06h)
   527  073E  0276               	subwf	(_e),w
   528  073F                     u2385:
   529                           
   530  073F  1C03               	skipc
   531  0740  2F42               	goto	u2381
   532  0741  2F43               	goto	u2380
   533  0742                     u2381:
   534  0742  2F45               	goto	l2076
   535  0743                     u2380:
   536  0743  2FD1               	goto	l2112
   537                           	
   538  0744                     l2074:	
   539  0744  2FD1               	goto	l2112
   540                           	line	38
   541                           	
   542  0745                     l718:	
   543                           	
   544  0745                     l2076:	
   545                           ;7seg_time_second.c: 38: for(f=0;f<10;f++)
   546  0745  1283               	bcf	status, 5	;RP0=0, select bank0
   547  0746  1303               	bcf	status, 6	;RP1=0, select bank0
   548  0747  01AC               	clrf	(_f)
   549  0748  01AD               	clrf	(_f+1)
   550                           	
   551  0749                     l2078:	
   552  0749  082D               	movf	(_f+1),w
   553  074A  3A80               	xorlw	80h
   554  074B  00FF               	movwf	btemp+1
   555  074C  3080               	movlw	(high(0Ah))^80h
   556  074D  027F               	subwf	btemp+1,w
   557  074E  1D03               	skipz
   558  074F  2F52               	goto	u2395
   559  0750  300A               	movlw	low(0Ah)
   560  0751  022C               	subwf	(_f),w
   561  0752                     u2395:
   562                           
   563  0752  1C03               	skipc
   564  0753  2F55               	goto	u2391
   565  0754  2F56               	goto	u2390
   566  0755                     u2391:
   567  0755  2F58               	goto	l2082
   568  0756                     u2390:
   569  0756  2FBD               	goto	l2108
   570                           	
   571  0757                     l2080:	
   572  0757  2FBD               	goto	l2108
   573                           	line	39
   574                           	
   575  0758                     l720:	
   576                           	
   577  0758                     l2082:	
   578                           ;7seg_time_second.c: 39: for(c=0;c<6;c++)
   579  0758  01F2               	clrf	(_c)
   580  0759  01F3               	clrf	(_c+1)
   581                           	
   582  075A                     l2084:	
   583  075A  0873               	movf	(_c+1),w
   584  075B  3A80               	xorlw	80h
   585  075C  00FF               	movwf	btemp+1
   586  075D  3080               	movlw	(high(06h))^80h
   587  075E  027F               	subwf	btemp+1,w
   588  075F  1D03               	skipz
   589  0760  2F63               	goto	u2405
   590  0761  3006               	movlw	low(06h)
   591  0762  0272               	subwf	(_c),w
   592  0763                     u2405:
   593                           
   594  0763  1C03               	skipc
   595  0764  2F66               	goto	u2401
   596  0765  2F67               	goto	u2400
   597  0766                     u2401:
   598  0766  2F69               	goto	l2088
   599  0767                     u2400:
   600  0767  2FA7               	goto	l2104
   601                           	
   602  0768                     l2086:	
   603  0768  2FA7               	goto	l2104
   604                           	line	40
   605                           	
   606  0769                     l722:	
   607                           	
   608  0769                     l2088:	
   609                           ;7seg_time_second.c: 40: for(d=0;d<10;d++)
   610  0769  01F4               	clrf	(_d)
   611  076A  01F5               	clrf	(_d+1)
   612                           	
   613  076B                     l2090:	
   614  076B  0875               	movf	(_d+1),w
   615  076C  3A80               	xorlw	80h
   616  076D  00FF               	movwf	btemp+1
   617  076E  3080               	movlw	(high(0Ah))^80h
   618  076F  027F               	subwf	btemp+1,w
   619  0770  1D03               	skipz
   620  0771  2F74               	goto	u2415
   621  0772  300A               	movlw	low(0Ah)
   622  0773  0274               	subwf	(_d),w
   623  0774                     u2415:
   624                           
   625  0774  1C03               	skipc
   626  0775  2F77               	goto	u2411
   627  0776  2F78               	goto	u2410
   628  0777                     u2411:
   629  0777  2F7A               	goto	l2094
   630  0778                     u2410:
   631  0778  2F93               	goto	l2100
   632                           	
   633  0779                     l2092:	
   634  0779  2F93               	goto	l2100
   635                           	line	41
   636                           	
   637  077A                     l724:	
   638                           	
   639  077A                     l2094:	
   640                           ;7seg_time_second.c: 41: num();
   641  077A  120A  118A  26A2   	fcall	_num
              120A  118A         
   642                           	line	40
   643                           	
   644  077F                     l2096:	
   645  077F  3001               	movlw	low(01h)
   646  0780  07F4               	addwf	(_d),f
   647  0781  1803               	skipnc
   648  0782  0AF5               	incf	(_d+1),f
   649  0783  3000               	movlw	high(01h)
   650  0784  07F5               	addwf	(_d+1),f
   651                           	
   652  0785                     l2098:	
   653  0785  0875               	movf	(_d+1),w
   654  0786  3A80               	xorlw	80h
   655  0787  00FF               	movwf	btemp+1
   656  0788  3080               	movlw	(high(0Ah))^80h
   657  0789  027F               	subwf	btemp+1,w
   658  078A  1D03               	skipz
   659  078B  2F8E               	goto	u2425
   660  078C  300A               	movlw	low(0Ah)
   661  078D  0274               	subwf	(_d),w
   662  078E                     u2425:
   663                           
   664  078E  1C03               	skipc
   665  078F  2F91               	goto	u2421
   666  0790  2F92               	goto	u2420
   667  0791                     u2421:
   668  0791  2F7A               	goto	l2094
   669  0792                     u2420:
   670  0792  2F93               	goto	l2100
   671                           	
   672  0793                     l725:	
   673                           	line	39
   674                           	
   675  0793                     l2100:	
   676  0793  3001               	movlw	low(01h)
   677  0794  07F2               	addwf	(_c),f
   678  0795  1803               	skipnc
   679  0796  0AF3               	incf	(_c+1),f
   680  0797  3000               	movlw	high(01h)
   681  0798  07F3               	addwf	(_c+1),f
   682                           	
   683  0799                     l2102:	
   684  0799  0873               	movf	(_c+1),w
   685  079A  3A80               	xorlw	80h
   686  079B  00FF               	movwf	btemp+1
   687  079C  3080               	movlw	(high(06h))^80h
   688  079D  027F               	subwf	btemp+1,w
   689  079E  1D03               	skipz
   690  079F  2FA2               	goto	u2435
   691  07A0  3006               	movlw	low(06h)
   692  07A1  0272               	subwf	(_c),w
   693  07A2                     u2435:
   694                           
   695  07A2  1C03               	skipc
   696  07A3  2FA5               	goto	u2431
   697  07A4  2FA6               	goto	u2430
   698  07A5                     u2431:
   699  07A5  2F69               	goto	l2088
   700  07A6                     u2430:
   701  07A6  2FA7               	goto	l2104
   702                           	
   703  07A7                     l723:	
   704                           	line	38
   705                           	
   706  07A7                     l2104:	
   707  07A7  3001               	movlw	low(01h)
   708  07A8  1283               	bcf	status, 5	;RP0=0, select bank0
   709  07A9  1303               	bcf	status, 6	;RP1=0, select bank0
   710  07AA  07AC               	addwf	(_f),f
   711  07AB  1803               	skipnc
   712  07AC  0AAD               	incf	(_f+1),f
   713  07AD  3000               	movlw	high(01h)
   714  07AE  07AD               	addwf	(_f+1),f
   715                           	
   716  07AF                     l2106:	
   717  07AF  082D               	movf	(_f+1),w
   718  07B0  3A80               	xorlw	80h
   719  07B1  00FF               	movwf	btemp+1
   720  07B2  3080               	movlw	(high(0Ah))^80h
   721  07B3  027F               	subwf	btemp+1,w
   722  07B4  1D03               	skipz
   723  07B5  2FB8               	goto	u2445
   724  07B6  300A               	movlw	low(0Ah)
   725  07B7  022C               	subwf	(_f),w
   726  07B8                     u2445:
   727                           
   728  07B8  1C03               	skipc
   729  07B9  2FBB               	goto	u2441
   730  07BA  2FBC               	goto	u2440
   731  07BB                     u2441:
   732  07BB  2F58               	goto	l2082
   733  07BC                     u2440:
   734  07BC  2FBD               	goto	l2108
   735                           	
   736  07BD                     l721:	
   737                           	line	37
   738                           	
   739  07BD                     l2108:	
   740  07BD  3001               	movlw	low(01h)
   741  07BE  07F6               	addwf	(_e),f
   742  07BF  1803               	skipnc
   743  07C0  0AF7               	incf	(_e+1),f
   744  07C1  3000               	movlw	high(01h)
   745  07C2  07F7               	addwf	(_e+1),f
   746                           	
   747  07C3                     l2110:	
   748  07C3  0877               	movf	(_e+1),w
   749  07C4  3A80               	xorlw	80h
   750  07C5  00FF               	movwf	btemp+1
   751  07C6  3080               	movlw	(high(06h))^80h
   752  07C7  027F               	subwf	btemp+1,w
   753  07C8  1D03               	skipz
   754  07C9  2FCC               	goto	u2455
   755  07CA  3006               	movlw	low(06h)
   756  07CB  0276               	subwf	(_e),w
   757  07CC                     u2455:
   758                           
   759  07CC  1C03               	skipc
   760  07CD  2FCF               	goto	u2451
   761  07CE  2FD0               	goto	u2450
   762  07CF                     u2451:
   763  07CF  2F45               	goto	l2076
   764  07D0                     u2450:
   765  07D0  2FD1               	goto	l2112
   766                           	
   767  07D1                     l719:	
   768                           	line	36
   769                           	
   770  07D1                     l2112:	
   771  07D1  3001               	movlw	low(01h)
   772  07D2  07F0               	addwf	(_b),f
   773  07D3  1803               	skipnc
   774  07D4  0AF1               	incf	(_b+1),f
   775  07D5  3000               	movlw	high(01h)
   776  07D6  07F1               	addwf	(_b+1),f
   777                           	
   778  07D7                     l2114:	
   779  07D7  0871               	movf	(_b+1),w
   780  07D8  3A80               	xorlw	80h
   781  07D9  00FF               	movwf	btemp+1
   782  07DA  3080               	movlw	(high(0Ah))^80h
   783  07DB  027F               	subwf	btemp+1,w
   784  07DC  1D03               	skipz
   785  07DD  2FE0               	goto	u2465
   786  07DE  300A               	movlw	low(0Ah)
   787  07DF  0270               	subwf	(_b),w
   788  07E0                     u2465:
   789                           
   790  07E0  1C03               	skipc
   791  07E1  2FE3               	goto	u2461
   792  07E2  2FE4               	goto	u2460
   793  07E3                     u2461:
   794  07E3  2F34               	goto	l2070
   795  07E4                     u2460:
   796  07E4  2FE5               	goto	l2116
   797                           	
   798  07E5                     l717:	
   799                           	line	35
   800                           	
   801  07E5                     l2116:	
   802  07E5  3001               	movlw	low(01h)
   803  07E6  1283               	bcf	status, 5	;RP0=0, select bank0
   804  07E7  1303               	bcf	status, 6	;RP1=0, select bank0
   805  07E8  07AA               	addwf	(_a),f
   806  07E9  1803               	skipnc
   807  07EA  0AAB               	incf	(_a+1),f
   808  07EB  3000               	movlw	high(01h)
   809  07EC  07AB               	addwf	(_a+1),f
   810                           	
   811  07ED                     l2118:	
   812  07ED  082B               	movf	(_a+1),w
   813  07EE  3A80               	xorlw	80h
   814  07EF  00FF               	movwf	btemp+1
   815  07F0  3080               	movlw	(high(06h))^80h
   816  07F1  027F               	subwf	btemp+1,w
   817  07F2  1D03               	skipz
   818  07F3  2FF6               	goto	u2475
   819  07F4  3006               	movlw	low(06h)
   820  07F5  022A               	subwf	(_a),w
   821  07F6                     u2475:
   822                           
   823  07F6  1C03               	skipc
   824  07F7  2FF9               	goto	u2471
   825  07F8  2FFA               	goto	u2470
   826  07F9                     u2471:
   827  07F9  2F23               	goto	l2064
   828  07FA                     u2470:
   829  07FA  2F10               	goto	l713
   830                           	
   831  07FB                     l715:	
   832  07FB  2F10               	goto	l713
   833                           	line	42
   834                           	
   835  07FC                     l726:	
   836                           	line	33
   837  07FC  2F10               	goto	l713
   838                           	
   839  07FD                     l727:	
   840                           	line	43
   841                           	
   842  07FD                     l728:	
   843                           	global	start
   844  07FD  120A  118A  2800   	ljmp	start
   845                           	opt stack 0
   846                           GLOBAL	__end_of_main
   847  0800                     	__end_of_main:
   848 ;; =============== function _main ends ============
   849                           
   850                           	signat	_main,90
   851                           	global	_num
   852                           psect	text193,local,class=CODE,delta=2
   853                           global __ptext193
   854  06A2                     __ptext193:
   855                           
   856 ;; *************** function _num *****************
   857 ;; Defined at:
   858 ;;		line 48 in file "C:\Users\Jeeva\Desktop\mplab\hardware\TIME\7seg_time_second.c"
   859 ;; Parameters:    Size  Location     Type
   860 ;;		None
   861 ;; Auto vars:     Size  Location     Type
   862 ;;		None
   863 ;; Return value:  Size  Location     Type
   864 ;;		None               void
   865 ;; Registers used:
   866 ;;		wreg, fsr0l, fsr0h, status,2, status,0, btemp+1, pclath, cstack
   867 ;; Tracked objects:
   868 ;;		On entry : 0/0
   869 ;;		On exit  : 0/0
   870 ;;		Unchanged: 0/0
   871 ;; Data sizes:     COMMON   BANK0   BANK1   BANK3   BANK2
   872 ;;      Params:         0       0       0       0       0
   873 ;;      Locals:         0       0       0       0       0
   874 ;;      Temps:          0       0       0       0       0
   875 ;;      Totals:         0       0       0       0       0
   876 ;;Total ram usage:        0 bytes
   877 ;; Hardware stack levels used:    1
   878 ;; Hardware stack levels required when called:    2
   879 ;; This function calls:
   880 ;;		_second_1st_dig
   881 ;;		_second_2nd_dig
   882 ;;		_hour_1st_dig
   883 ;;		_hour_2nd_dig
   884 ;; This function is called by:
   885 ;;		_main
   886 ;; This function uses a non-reentrant model
   887 ;;
   888                           psect	text193
   889                           	file	"C:\Users\Jeeva\Desktop\mplab\hardware\TIME\7seg_time_second.c"
   890                           	line	48
   891                           	global	__size_of_num
   892  0067                     	__size_of_num	equ	__end_of_num-_num
   893                           	
   894  06A2                     _num:	
   895                           	opt	stack 5
   896                           ; Regs used in _num: [wreg-fsr0h+status,2+status,0+btemp+1+pclath+cstack]
   897                           	line	49
   898                           	
   899  06A2                     l2038:	
   900                           ;7seg_time_second.c: 49: for(i=0;i<10;i++)
   901  06A2  01F8               	clrf	(_i)
   902  06A3  01F9               	clrf	(_i+1)
   903                           	
   904  06A4                     l2040:	
   905  06A4  0879               	movf	(_i+1),w
   906  06A5  3A80               	xorlw	80h
   907  06A6  00FF               	movwf	btemp+1
   908  06A7  3080               	movlw	(high(0Ah))^80h
   909  06A8  027F               	subwf	btemp+1,w
   910  06A9  1D03               	skipz
   911  06AA  2EAD               	goto	u2335
   912  06AB  300A               	movlw	low(0Ah)
   913  06AC  0278               	subwf	(_i),w
   914  06AD                     u2335:
   915                           
   916  06AD  1C03               	skipc
   917  06AE  2EB0               	goto	u2331
   918  06AF  2EB1               	goto	u2330
   919  06B0                     u2331:
   920  06B0  2EB3               	goto	l731
   921  06B1                     u2330:
   922  06B1  2F08               	goto	l736
   923                           	
   924  06B2                     l2042:	
   925  06B2  2F08               	goto	l736
   926                           	line	50
   927                           	
   928  06B3                     l731:	
   929                           	line	51
   930                           ;7seg_time_second.c: 50: {
   931                           ;7seg_time_second.c: 51: TMR1CS = 0;
   932  06B3  1283               	bcf	status, 5	;RP0=0, select bank0
   933  06B4  1303               	bcf	status, 6	;RP1=0, select bank0
   934  06B5  1090               	bcf	(129/8),(129)&7
   935                           	line	52
   936                           ;7seg_time_second.c: 52: T1CKPS0 = 1;
   937  06B6  1610               	bsf	(132/8),(132)&7
   938                           	line	53
   939                           ;7seg_time_second.c: 53: T1CKPS1 = 1;
   940  06B7  1690               	bsf	(133/8),(133)&7
   941                           	line	54
   942                           	
   943  06B8                     l2044:	
   944                           ;7seg_time_second.c: 54: TMR1H = 0X0B;
   945  06B8  300B               	movlw	(0Bh)
   946  06B9  008F               	movwf	(15)	;volatile
   947                           	line	55
   948                           ;7seg_time_second.c: 55: TMR1L = 0XDC;
   949  06BA  30DC               	movlw	(0DCh)
   950  06BB  008E               	movwf	(14)	;volatile
   951                           	line	56
   952                           	
   953  06BC                     l2046:	
   954                           ;7seg_time_second.c: 56: TMR1ON = 1;
   955  06BC  1410               	bsf	(128/8),(128)&7
   956                           	line	57
   957                           ;7seg_time_second.c: 57: while(!TMR1IF)
   958  06BD  2EED               	goto	l2050
   959                           	
   960  06BE                     l734:	
   961                           	line	59
   962                           	
   963  06BE                     l2048:	
   964                           ;7seg_time_second.c: 58: {
   965                           ;7seg_time_second.c: 59: second_1st_dig(d);
   966  06BE  0875               	movf	(_d+1),w
   967  06BF  01FD               	clrf	(?_second_1st_dig+1)
   968  06C0  07FD               	addwf	(?_second_1st_dig+1)
   969  06C1  0874               	movf	(_d),w
   970  06C2  01FC               	clrf	(?_second_1st_dig)
   971  06C3  07FC               	addwf	(?_second_1st_dig)
   972                           
   973  06C4  120A  118A  2613   	fcall	_second_1st_dig
              120A  118A         
   974                           	line	60
   975                           ;7seg_time_second.c: 60: second_2nd_dig(c);
   976  06C9  0873               	movf	(_c+1),w
   977  06CA  01FD               	clrf	(?_second_2nd_dig+1)
   978  06CB  07FD               	addwf	(?_second_2nd_dig+1)
   979  06CC  0872               	movf	(_c),w
   980  06CD  01FC               	clrf	(?_second_2nd_dig)
   981  06CE  07FC               	addwf	(?_second_2nd_dig)
   982                           
   983  06CF  120A  118A  2625   	fcall	_second_2nd_dig
              120A  118A         
   984                           	line	61
   985                           ;7seg_time_second.c: 61: hour_1st_dig(b);
   986  06D4  0871               	movf	(_b+1),w
   987  06D5  01FD               	clrf	(?_hour_1st_dig+1)
   988  06D6  07FD               	addwf	(?_hour_1st_dig+1)
   989  06D7  0870               	movf	(_b),w
   990  06D8  01FC               	clrf	(?_hour_1st_dig)
   991  06D9  07FC               	addwf	(?_hour_1st_dig)
   992                           
   993  06DA  120A  118A  2649   	fcall	_hour_1st_dig
              120A  118A         
   994                           	line	62
   995                           ;7seg_time_second.c: 62: hour_2nd_dig(a);
   996  06DF  1283               	bcf	status, 5	;RP0=0, select bank0
   997  06E0  1303               	bcf	status, 6	;RP1=0, select bank0
   998  06E1  082B               	movf	(_a+1),w
   999  06E2  01FD               	clrf	(?_hour_2nd_dig+1)
  1000  06E3  07FD               	addwf	(?_hour_2nd_dig+1)
  1001  06E4  082A               	movf	(_a),w
  1002  06E5  01FC               	clrf	(?_hour_2nd_dig)
  1003  06E6  07FC               	addwf	(?_hour_2nd_dig)
  1004                           
  1005  06E7  120A  118A  2637   	fcall	_hour_2nd_dig
              120A  118A         
  1006  06EC  2EED               	goto	l2050
  1007                           	line	63
  1008                           	
  1009  06ED                     l733:	
  1010                           	line	57
  1011                           	
  1012  06ED                     l2050:	
  1013  06ED  1283               	bcf	status, 5	;RP0=0, select bank0
  1014  06EE  1303               	bcf	status, 6	;RP1=0, select bank0
  1015  06EF  1C0C               	btfss	(96/8),(96)&7
  1016  06F0  2EF2               	goto	u2341
  1017  06F1  2EF3               	goto	u2340
  1018  06F2                     u2341:
  1019  06F2  2EBE               	goto	l2048
  1020  06F3                     u2340:
  1021                           	
  1022  06F3                     l735:	
  1023                           	line	64
  1024                           ;7seg_time_second.c: 63: }
  1025                           ;7seg_time_second.c: 64: TMR1IF = 0;
  1026  06F3  100C               	bcf	(96/8),(96)&7
  1027                           	line	49
  1028                           	
  1029  06F4                     l2052:	
  1030  06F4  3001               	movlw	low(01h)
  1031  06F5  07F8               	addwf	(_i),f
  1032  06F6  1803               	skipnc
  1033  06F7  0AF9               	incf	(_i+1),f
  1034  06F8  3000               	movlw	high(01h)
  1035  06F9  07F9               	addwf	(_i+1),f
  1036                           	
  1037  06FA                     l2054:	
  1038  06FA  0879               	movf	(_i+1),w
  1039  06FB  3A80               	xorlw	80h
  1040  06FC  00FF               	movwf	btemp+1
  1041  06FD  3080               	movlw	(high(0Ah))^80h
  1042  06FE  027F               	subwf	btemp+1,w
  1043  06FF  1D03               	skipz
  1044  0700  2F03               	goto	u2355
  1045  0701  300A               	movlw	low(0Ah)
  1046  0702  0278               	subwf	(_i),w
  1047  0703                     u2355:
  1048                           
  1049  0703  1C03               	skipc
  1050  0704  2F06               	goto	u2351
  1051  0705  2F07               	goto	u2350
  1052  0706                     u2351:
  1053  0706  2EB3               	goto	l731
  1054  0707                     u2350:
  1055  0707  2F08               	goto	l736
  1056                           	
  1057  0708                     l732:	
  1058                           	line	66
  1059                           	
  1060  0708                     l736:	
  1061  0708  0008               	return
  1062                           	opt stack 0
  1063                           GLOBAL	__end_of_num
  1064  0709                     	__end_of_num:
  1065 ;; =============== function _num ends ============
  1066                           
  1067                           	signat	_num,88
  1068                           	global	_hour_2nd_dig
  1069                           psect	text194,local,class=CODE,delta=2
  1070                           global __ptext194
  1071  0637                     __ptext194:
  1072                           
  1073 ;; *************** function _hour_2nd_dig *****************
  1074 ;; Defined at:
  1075 ;;		line 108 in file "C:\Users\Jeeva\Desktop\mplab\hardware\TIME\7seg_time_second.c"
  1076 ;; Parameters:    Size  Location     Type
  1077 ;;		None
  1078 ;; Auto vars:     Size  Location     Type
  1079 ;;		None
  1080 ;; Return value:  Size  Location     Type
  1081 ;;		None               void
  1082 ;; Registers used:
  1083 ;;		wreg, fsr0l, fsr0h, status,2, status,0, btemp+1, pclath, cstack
  1084 ;; Tracked objects:
  1085 ;;		On entry : 0/0
  1086 ;;		On exit  : 0/0
  1087 ;;		Unchanged: 0/0
  1088 ;; Data sizes:     COMMON   BANK0   BANK1   BANK3   BANK2
  1089 ;;      Params:         2       0       0       0       0
  1090 ;;      Locals:         0       0       0       0       0
  1091 ;;      Temps:          0       0       0       0       0
  1092 ;;      Totals:         2       0       0       0       0
  1093 ;;Total ram usage:        2 bytes
  1094 ;; Hardware stack levels used:    1
  1095 ;; Hardware stack levels required when called:    1
  1096 ;; This function calls:
  1097 ;;		_delay
  1098 ;; This function is called by:
  1099 ;;		_num
  1100 ;; This function uses a non-reentrant model
  1101 ;;
  1102                           psect	text194
  1103                           	file	"C:\Users\Jeeva\Desktop\mplab\hardware\TIME\7seg_time_second.c"
  1104                           	line	108
  1105                           	global	__size_of_hour_2nd_dig
  1106  0012                     	__size_of_hour_2nd_dig	equ	__end_of_hour_2nd_dig-_hour_2nd_dig
  1107                           	
  1108  0637                     _hour_2nd_dig:	
  1109                           	opt	stack 5
  1110                           ; Regs used in _hour_2nd_dig: [wreg-fsr0h+status,2+status,0+btemp+1+pclath+cstack]
  1111                           	line	109
  1112                           	
  1113  0637                     l2032:	
  1114                           ;7seg_time_second.c: 109: RD0 = 1;
  1115  0637  1283               	bcf	status, 5	;RP0=0, select bank0
  1116  0638  1303               	bcf	status, 6	;RP1=0, select bank0
  1117  0639  1408               	bsf	(64/8),(64)&7
  1118                           	line	110
  1119                           ;7seg_time_second.c: 110: RD1 = RD2 = RD3 = 0;
  1120  063A  1188               	bcf	(67/8),(67)&7
  1121  063B  1108               	bcf	(66/8),(66)&7
  1122  063C  1088               	bcf	(65/8),(65)&7
  1123                           	line	111
  1124                           	
  1125  063D                     l2034:	
  1126                           ;7seg_time_second.c: 111: PORTB = arr[a];
  1127  063D  082A               	movf	(_a),w
  1128  063E  3E20               	addlw	_arr&0ffh
  1129  063F  0084               	movwf	fsr0
  1130  0640  1383               	bcf	status, 7	;select IRP bank0
  1131  0641  0800               	movf	indf,w
  1132  0642  0086               	movwf	(6)	;volatile
  1133                           	line	112
  1134                           	
  1135  0643                     l2036:	
  1136                           ;7seg_time_second.c: 112: delay();
  1137  0643  120A  118A  267C   	fcall	_delay
              120A  118A         
  1138                           	line	113
  1139                           	
  1140  0648                     l753:	
  1141  0648  0008               	return
  1142                           	opt stack 0
  1143                           GLOBAL	__end_of_hour_2nd_dig
  1144  0649                     	__end_of_hour_2nd_dig:
  1145 ;; =============== function _hour_2nd_dig ends ============
  1146                           
  1147                           	signat	_hour_2nd_dig,88
  1148                           	global	_hour_1st_dig
  1149                           psect	text195,local,class=CODE,delta=2
  1150                           global __ptext195
  1151  0649                     __ptext195:
  1152                           
  1153 ;; *************** function _hour_1st_dig *****************
  1154 ;; Defined at:
  1155 ;;		line 98 in file "C:\Users\Jeeva\Desktop\mplab\hardware\TIME\7seg_time_second.c"
  1156 ;; Parameters:    Size  Location     Type
  1157 ;;		None
  1158 ;; Auto vars:     Size  Location     Type
  1159 ;;		None
  1160 ;; Return value:  Size  Location     Type
  1161 ;;		None               void
  1162 ;; Registers used:
  1163 ;;		wreg, fsr0l, fsr0h, status,2, status,0, btemp+1, pclath, cstack
  1164 ;; Tracked objects:
  1165 ;;		On entry : 0/0
  1166 ;;		On exit  : 0/0
  1167 ;;		Unchanged: 0/0
  1168 ;; Data sizes:     COMMON   BANK0   BANK1   BANK3   BANK2
  1169 ;;      Params:         2       0       0       0       0
  1170 ;;      Locals:         0       0       0       0       0
  1171 ;;      Temps:          0       0       0       0       0
  1172 ;;      Totals:         2       0       0       0       0
  1173 ;;Total ram usage:        2 bytes
  1174 ;; Hardware stack levels used:    1
  1175 ;; Hardware stack levels required when called:    1
  1176 ;; This function calls:
  1177 ;;		_delay
  1178 ;; This function is called by:
  1179 ;;		_num
  1180 ;; This function uses a non-reentrant model
  1181 ;;
  1182                           psect	text195
  1183                           	file	"C:\Users\Jeeva\Desktop\mplab\hardware\TIME\7seg_time_second.c"
  1184                           	line	98
  1185                           	global	__size_of_hour_1st_dig
  1186  0013                     	__size_of_hour_1st_dig	equ	__end_of_hour_1st_dig-_hour_1st_dig
  1187                           	
  1188  0649                     _hour_1st_dig:	
  1189                           	opt	stack 5
  1190                           ; Regs used in _hour_1st_dig: [wreg-fsr0h+status,2+status,0+btemp+1+pclath+cstack]
  1191                           	line	99
  1192                           	
  1193  0649                     l2026:	
  1194                           ;7seg_time_second.c: 99: RD1 = 1;
  1195  0649  1283               	bcf	status, 5	;RP0=0, select bank0
  1196  064A  1303               	bcf	status, 6	;RP1=0, select bank0
  1197  064B  1488               	bsf	(65/8),(65)&7
  1198                           	line	100
  1199                           ;7seg_time_second.c: 100: RD0 = RD2 = RD3 = 0;
  1200  064C  1188               	bcf	(67/8),(67)&7
  1201  064D  1108               	bcf	(66/8),(66)&7
  1202  064E  1008               	bcf	(64/8),(64)&7
  1203                           	line	101
  1204                           	
  1205  064F                     l2028:	
  1206                           ;7seg_time_second.c: 101: PORTB = arr[b]+1;
  1207  064F  0870               	movf	(_b),w
  1208  0650  3E20               	addlw	_arr&0ffh
  1209  0651  0084               	movwf	fsr0
  1210  0652  1383               	bcf	status, 7	;select IRP bank0
  1211  0653  0800               	movf	indf,w
  1212  0654  3E01               	addlw	01h
  1213  0655  0086               	movwf	(6)	;volatile
  1214                           	line	102
  1215                           	
  1216  0656                     l2030:	
  1217                           ;7seg_time_second.c: 102: delay();
  1218  0656  120A  118A  267C   	fcall	_delay
              120A  118A         
  1219                           	line	103
  1220                           	
  1221  065B                     l750:	
  1222  065B  0008               	return
  1223                           	opt stack 0
  1224                           GLOBAL	__end_of_hour_1st_dig
  1225  065C                     	__end_of_hour_1st_dig:
  1226 ;; =============== function _hour_1st_dig ends ============
  1227                           
  1228                           	signat	_hour_1st_dig,88
  1229                           	global	_second_2nd_dig
  1230                           psect	text196,local,class=CODE,delta=2
  1231                           global __ptext196
  1232  0625                     __ptext196:
  1233                           
  1234 ;; *************** function _second_2nd_dig *****************
  1235 ;; Defined at:
  1236 ;;		line 88 in file "C:\Users\Jeeva\Desktop\mplab\hardware\TIME\7seg_time_second.c"
  1237 ;; Parameters:    Size  Location     Type
  1238 ;;		None
  1239 ;; Auto vars:     Size  Location     Type
  1240 ;;		None
  1241 ;; Return value:  Size  Location     Type
  1242 ;;		None               void
  1243 ;; Registers used:
  1244 ;;		wreg, fsr0l, fsr0h, status,2, status,0, btemp+1, pclath, cstack
  1245 ;; Tracked objects:
  1246 ;;		On entry : 0/0
  1247 ;;		On exit  : 0/0
  1248 ;;		Unchanged: 0/0
  1249 ;; Data sizes:     COMMON   BANK0   BANK1   BANK3   BANK2
  1250 ;;      Params:         2       0       0       0       0
  1251 ;;      Locals:         0       0       0       0       0
  1252 ;;      Temps:          0       0       0       0       0
  1253 ;;      Totals:         2       0       0       0       0
  1254 ;;Total ram usage:        2 bytes
  1255 ;; Hardware stack levels used:    1
  1256 ;; Hardware stack levels required when called:    1
  1257 ;; This function calls:
  1258 ;;		_delay
  1259 ;; This function is called by:
  1260 ;;		_num
  1261 ;; This function uses a non-reentrant model
  1262 ;;
  1263                           psect	text196
  1264                           	file	"C:\Users\Jeeva\Desktop\mplab\hardware\TIME\7seg_time_second.c"
  1265                           	line	88
  1266                           	global	__size_of_second_2nd_dig
  1267  0012                     	__size_of_second_2nd_dig	equ	__end_of_second_2nd_dig-_second_2nd_dig
  1268                           	
  1269  0625                     _second_2nd_dig:	
  1270                           	opt	stack 5
  1271                           ; Regs used in _second_2nd_dig: [wreg-fsr0h+status,2+status,0+btemp+1+pclath+cstack]
  1272                           	line	89
  1273                           	
  1274  0625                     l2020:	
  1275                           ;7seg_time_second.c: 89: RD2 = 1;
  1276  0625  1283               	bcf	status, 5	;RP0=0, select bank0
  1277  0626  1303               	bcf	status, 6	;RP1=0, select bank0
  1278  0627  1508               	bsf	(66/8),(66)&7
  1279                           	line	90
  1280                           ;7seg_time_second.c: 90: RD0 = RD1 = RD3 = 0;
  1281  0628  1188               	bcf	(67/8),(67)&7
  1282  0629  1088               	bcf	(65/8),(65)&7
  1283  062A  1008               	bcf	(64/8),(64)&7
  1284                           	line	91
  1285                           	
  1286  062B                     l2022:	
  1287                           ;7seg_time_second.c: 91: PORTB = arr[c];
  1288  062B  0872               	movf	(_c),w
  1289  062C  3E20               	addlw	_arr&0ffh
  1290  062D  0084               	movwf	fsr0
  1291  062E  1383               	bcf	status, 7	;select IRP bank0
  1292  062F  0800               	movf	indf,w
  1293  0630  0086               	movwf	(6)	;volatile
  1294                           	line	92
  1295                           	
  1296  0631                     l2024:	
  1297                           ;7seg_time_second.c: 92: delay();
  1298  0631  120A  118A  267C   	fcall	_delay
              120A  118A         
  1299                           	line	93
  1300                           	
  1301  0636                     l747:	
  1302  0636  0008               	return
  1303                           	opt stack 0
  1304                           GLOBAL	__end_of_second_2nd_dig
  1305  0637                     	__end_of_second_2nd_dig:
  1306 ;; =============== function _second_2nd_dig ends ============
  1307                           
  1308                           	signat	_second_2nd_dig,88
  1309                           	global	_second_1st_dig
  1310                           psect	text197,local,class=CODE,delta=2
  1311                           global __ptext197
  1312  0613                     __ptext197:
  1313                           
  1314 ;; *************** function _second_1st_dig *****************
  1315 ;; Defined at:
  1316 ;;		line 78 in file "C:\Users\Jeeva\Desktop\mplab\hardware\TIME\7seg_time_second.c"
  1317 ;; Parameters:    Size  Location     Type
  1318 ;;		None
  1319 ;; Auto vars:     Size  Location     Type
  1320 ;;		None
  1321 ;; Return value:  Size  Location     Type
  1322 ;;		None               void
  1323 ;; Registers used:
  1324 ;;		wreg, fsr0l, fsr0h, status,2, status,0, btemp+1, pclath, cstack
  1325 ;; Tracked objects:
  1326 ;;		On entry : 0/0
  1327 ;;		On exit  : 0/0
  1328 ;;		Unchanged: 0/0
  1329 ;; Data sizes:     COMMON   BANK0   BANK1   BANK3   BANK2
  1330 ;;      Params:         2       0       0       0       0
  1331 ;;      Locals:         0       0       0       0       0
  1332 ;;      Temps:          0       0       0       0       0
  1333 ;;      Totals:         2       0       0       0       0
  1334 ;;Total ram usage:        2 bytes
  1335 ;; Hardware stack levels used:    1
  1336 ;; Hardware stack levels required when called:    1
  1337 ;; This function calls:
  1338 ;;		_delay
  1339 ;; This function is called by:
  1340 ;;		_num
  1341 ;; This function uses a non-reentrant model
  1342 ;;
  1343                           psect	text197
  1344                           	file	"C:\Users\Jeeva\Desktop\mplab\hardware\TIME\7seg_time_second.c"
  1345                           	line	78
  1346                           	global	__size_of_second_1st_dig
  1347  0012                     	__size_of_second_1st_dig	equ	__end_of_second_1st_dig-_second_1st_dig
  1348                           	
  1349  0613                     _second_1st_dig:	
  1350                           	opt	stack 5
  1351                           ; Regs used in _second_1st_dig: [wreg-fsr0h+status,2+status,0+btemp+1+pclath+cstack]
  1352                           	line	79
  1353                           	
  1354  0613                     l2014:	
  1355                           ;7seg_time_second.c: 79: RD3 = 1;
  1356  0613  1283               	bcf	status, 5	;RP0=0, select bank0
  1357  0614  1303               	bcf	status, 6	;RP1=0, select bank0
  1358  0615  1588               	bsf	(67/8),(67)&7
  1359                           	line	80
  1360                           ;7seg_time_second.c: 80: RD0 = RD1 = RD2 = 0;
  1361  0616  1108               	bcf	(66/8),(66)&7
  1362  0617  1088               	bcf	(65/8),(65)&7
  1363  0618  1008               	bcf	(64/8),(64)&7
  1364                           	line	81
  1365                           	
  1366  0619                     l2016:	
  1367                           ;7seg_time_second.c: 81: PORTB = arr[d];
  1368  0619  0874               	movf	(_d),w
  1369  061A  3E20               	addlw	_arr&0ffh
  1370  061B  0084               	movwf	fsr0
  1371  061C  1383               	bcf	status, 7	;select IRP bank0
  1372  061D  0800               	movf	indf,w
  1373  061E  0086               	movwf	(6)	;volatile
  1374                           	line	82
  1375                           	
  1376  061F                     l2018:	
  1377                           ;7seg_time_second.c: 82: delay();
  1378  061F  120A  118A  267C   	fcall	_delay
              120A  118A         
  1379                           	line	83
  1380                           	
  1381  0624                     l744:	
  1382  0624  0008               	return
  1383                           	opt stack 0
  1384                           GLOBAL	__end_of_second_1st_dig
  1385  0625                     	__end_of_second_1st_dig:
  1386 ;; =============== function _second_1st_dig ends ============
  1387                           
  1388                           	signat	_second_1st_dig,88
  1389                           	global	_delay
  1390                           psect	text198,local,class=CODE,delta=2
  1391                           global __ptext198
  1392  067C                     __ptext198:
  1393                           
  1394 ;; *************** function _delay *****************
  1395 ;; Defined at:
  1396 ;;		line 71 in file "C:\Users\Jeeva\Desktop\mplab\hardware\TIME\7seg_time_second.c"
  1397 ;; Parameters:    Size  Location     Type
  1398 ;;		None
  1399 ;; Auto vars:     Size  Location     Type
  1400 ;;		None
  1401 ;; Return value:  Size  Location     Type
  1402 ;;		None               void
  1403 ;; Registers used:
  1404 ;;		wreg, status,2, btemp+1
  1405 ;; Tracked objects:
  1406 ;;		On entry : 0/0
  1407 ;;		On exit  : 0/0
  1408 ;;		Unchanged: 0/0
  1409 ;; Data sizes:     COMMON   BANK0   BANK1   BANK3   BANK2
  1410 ;;      Params:         0       0       0       0       0
  1411 ;;      Locals:         0       0       0       0       0
  1412 ;;      Temps:          0       0       0       0       0
  1413 ;;      Totals:         0       0       0       0       0
  1414 ;;Total ram usage:        0 bytes
  1415 ;; Hardware stack levels used:    1
  1416 ;; This function calls:
  1417 ;;		Nothing
  1418 ;; This function is called by:
  1419 ;;		_second_1st_dig
  1420 ;;		_second_2nd_dig
  1421 ;;		_hour_1st_dig
  1422 ;;		_hour_2nd_dig
  1423 ;; This function uses a non-reentrant model
  1424 ;;
  1425                           psect	text198
  1426                           	file	"C:\Users\Jeeva\Desktop\mplab\hardware\TIME\7seg_time_second.c"
  1427                           	line	71
  1428                           	global	__size_of_delay
  1429  0026                     	__size_of_delay	equ	__end_of_delay-_delay
  1430                           	
  1431  067C                     _delay:	
  1432                           	opt	stack 5
  1433                           ; Regs used in _delay: [wreg+status,2+btemp+1]
  1434                           	line	72
  1435                           	
  1436  067C                     l2004:	
  1437                           ;7seg_time_second.c: 72: for(j=0;j<1000;j++);
  1438  067C  01FA               	clrf	(_j)
  1439  067D  01FB               	clrf	(_j+1)
  1440                           	
  1441  067E                     l2006:	
  1442  067E  087B               	movf	(_j+1),w
  1443  067F  3A80               	xorlw	80h
  1444  0680  00FF               	movwf	btemp+1
  1445  0681  3083               	movlw	(high(03E8h))^80h
  1446  0682  027F               	subwf	btemp+1,w
  1447  0683  1D03               	skipz
  1448  0684  2E87               	goto	u2315
  1449  0685  30E8               	movlw	low(03E8h)
  1450  0686  027A               	subwf	(_j),w
  1451  0687                     u2315:
  1452                           
  1453  0687  1C03               	skipc
  1454  0688  2E8A               	goto	u2311
  1455  0689  2E8B               	goto	u2310
  1456  068A                     u2311:
  1457  068A  2E8D               	goto	l2010
  1458  068B                     u2310:
  1459  068B  2EA1               	goto	l741
  1460                           	
  1461  068C                     l2008:	
  1462  068C  2EA1               	goto	l741
  1463                           	
  1464  068D                     l739:	
  1465                           	
  1466  068D                     l2010:	
  1467  068D  3001               	movlw	low(01h)
  1468  068E  07FA               	addwf	(_j),f
  1469  068F  1803               	skipnc
  1470  0690  0AFB               	incf	(_j+1),f
  1471  0691  3000               	movlw	high(01h)
  1472  0692  07FB               	addwf	(_j+1),f
  1473                           	
  1474  0693                     l2012:	
  1475  0693  087B               	movf	(_j+1),w
  1476  0694  3A80               	xorlw	80h
  1477  0695  00FF               	movwf	btemp+1
  1478  0696  3083               	movlw	(high(03E8h))^80h
  1479  0697  027F               	subwf	btemp+1,w
  1480  0698  1D03               	skipz
  1481  0699  2E9C               	goto	u2325
  1482  069A  30E8               	movlw	low(03E8h)
  1483  069B  027A               	subwf	(_j),w
  1484  069C                     u2325:
  1485                           
  1486  069C  1C03               	skipc
  1487  069D  2E9F               	goto	u2321
  1488  069E  2EA0               	goto	u2320
  1489  069F                     u2321:
  1490  069F  2E8D               	goto	l2010
  1491  06A0                     u2320:
  1492  06A0  2EA1               	goto	l741
  1493                           	
  1494  06A1                     l740:	
  1495                           	line	73
  1496                           	
  1497  06A1                     l741:	
  1498  06A1  0008               	return
  1499                           	opt stack 0
  1500                           GLOBAL	__end_of_delay
  1501  06A2                     	__end_of_delay:
  1502 ;; =============== function _delay ends ============
  1503                           
  1504                           	signat	_delay,88
  1505                           psect	text199,local,class=CODE,delta=2
  1506                           global __ptext199
  1507  0000                     __ptext199:
  1508                           	global	btemp
  1509  007E                     	btemp set 07Eh
  1510                           
  1511                           	DABS	1,126,2	;btemp
  1512                           	global	wtemp0
  1513  007E                     	wtemp0 set btemp


HI-TECH Software PICC Macro Assembler V9.81 build 7503 
Symbol Table                                                                                   Mon Aug 13 11:56:27 2018

                      _a 002A                        _b 0070                        _c 0072  
                      _d 0074                        _e 0076                        _f 002C  
                      _i 0078                        _j 007A                        pc 0002  
                     fsr 0004                      l720 0758                      l721 07BD  
                    l713 0710                      l722 0769                      l714 0723  
                    l731 06B3                      l715 07FB                      l723 07A7  
                    l740 06A1                      l732 0708                      l724 077A  
                    l716 0734                      l741 06A1                      l733 06ED  
                    l717 07E5                      l725 0793                      l750 065B  
                    l734 06BE                      l726 07FC                      l718 0745  
                    l735 06F3                      l727 07FD                      l719 07D1  
                    l744 0624                      l736 0708                      l728 07FD  
                    l753 0648                      l739 068D                      l747 0636  
                    _RD0 0040                      _RD1 0041                      _RD2 0042  
                    _RD3 0043                      _arr 0020                      _num 06A2  
                    fsr0 0004                      indf 0000                     l2010 068D  
                   l2012 0693                     l2004 067C                     l2020 0625  
                   l2100 0793                     l2006 067E                     l2014 0613  
                   l2022 062B                     l2030 0656                     l2110 07C3  
                   l2102 0799                     l2008 068C                     l2016 0619  
                   l2024 0631                     l2032 0637                     l2040 06A4  
                   l2104 07A7                     l2112 07D1                     l2018 061F  
                   l2026 0649                     l2034 063D                     l2050 06ED  
                   l2042 06B2                     l2114 07D7                     l2106 07AF  
                   l2028 064F                     l2036 0643                     l2052 06F4  
                   l2044 06B8                     l2108 07BD                     l2116 07E5  
                   l2060 0714                     l2054 06FA                     l2046 06BC  
                   l2038 06A2                     l2118 07ED                     l2070 0734  
                   l2062 0722                     l2048 06BE                     l2080 0757  
                   l2072 0736                     l2064 0723                     l2056 0709  
                   l2090 076B                     l2082 0758                     l2074 0744  
                   l2066 0725                     l2058 070F                     l2092 0779  
                   l2084 075A                     l2076 0745                     l2068 0733  
                   l2094 077A                     l2086 0768                     l2078 0749  
                   l2096 077F                     l2088 0769                     l2098 0785  
                   ?_num 007C                     u2310 068B                     u2311 068A  
                   u2320 06A0                     u2400 0767                     u2321 069F  
                   u2401 0766                     u2330 06B1                     u2410 0778  
                   u2315 0687                     u2331 06B0                     u2411 0777  
                   u2340 06F3                     u2420 0792                     u2325 069C  
                   u2341 06F2                     u2421 0791                     u2405 0763  
                   u2350 0707                     u2430 07A6                     u2351 0706  
                   u2335 06AD                     u2431 07A5                     u2415 0774  
                   u2440 07BC                     u2360 0721                     u2441 07BB  
                   u2425 078E                     u2361 0720                     u2450 07D0  
                   u2370 0732                     u2355 0703                     u2451 07CF  
                   u2435 07A2                     u2371 0731                     u2460 07E4  
                   u2380 0743                     u2461 07E3                     u2445 07B8  
                   u2381 0742                     u2365 071D                     u2470 07FA  
                   u2390 0756                     u2471 07F9                     u2455 07CC  
                   u2391 0755                     u2375 072E                     u2465 07E0  
                   u2385 073F                     u2475 07F6                     u2395 0752  
                   _main 0709                     btemp 007E                     start 0000  
                  ??_num 007E                    ?_main 007C           _second_2nd_dig 0625  
                  _TMR1H 000F                    _TMR1L 000E                    _PORTB 0006  
                  _TRISB 0086           _second_1st_dig 0613                    _delay 067C  
                  pclath 000A                    status 0003                    wtemp0 007E  
           __end_of_main 0800   __end_of_second_2nd_dig 0637                   ??_main 007E  
 __end_of_second_1st_dig 0625                   ?_delay 007C                   _TMR1IF 0060  
                 _TMR1CS 0081                   _TMR1ON 0080                   _TRISD0 0440  
                 _TRISD1 0441                   _TRISD2 0442                   _TRISD3 0443  
          ?_hour_2nd_dig 007C            ?_hour_1st_dig 007C          ?_second_2nd_dig 007C  
        ?_second_1st_dig 007C           ??_hour_2nd_dig 007E           __pcstackCOMMON 007C  
         ??_hour_1st_dig 007E             __pidataBANK0 05F8            __end_of_delay 06A2  
                ??_delay 007C               __pbssBANK0 002C               __pmaintext 0709  
                _T1CKPS0 0084                  _T1CKPS1 0085             __size_of_num 0067  
   __end_of_hour_2nd_dig 0649     __end_of_hour_1st_dig 065C     end_of_initialization 0678  
                init_ram 0606         ??_second_2nd_dig 007E         ??_second_1st_dig 007E  
    start_initialization 065C              __end_of_num 0709              __pdataBANK0 0020  
  __size_of_hour_2nd_dig 0012    __size_of_hour_1st_dig 0013              __pbssCOMMON 0070  
              __pnvBANK0 002A             _hour_2nd_dig 0637                __ptext193 06A2  
              __ptext194 0637                __ptext195 0649                __ptext196 0625  
              __ptext197 0613                __ptext198 067C                __ptext199 0000  
           _hour_1st_dig 0649           __size_of_delay 0026                init_fetch 0602  
          __size_of_main 00F7  __size_of_second_2nd_dig 0012  __size_of_second_1st_dig 0012  
