

HI-TECH Software PICC Macro Assembler V9.50PL2
                                                      Mon Aug 06 22:48:41 2018


     1                           	processor	16F877A
     2                           	opt	pw 79
     3                           	psect	text0,local,class=CODE,delta=2
     4                           	psect	config,global,class=CONFIG,delta=2
     5                           	psect	text1,local,class=CODE,delta=2
     6                           	psect	text2,local,class=CODE,delta=2
     7                           	psect	text3,local,class=CODE,delta=2
     8                           	psect	text4,local,class=CODE,delta=2
     9                           	psect	temp,global,ovrld,class=BANK0,space=1,de
      +                          lta=1
    10  0000                     
    11  0000                     
    12  0000                     
    13  0000                     
    14  0000                     
    15  0000                     
    16  0000                     
    17  0000                     
    18  0000                     
    19  0000                     	;#
    20                           
    21                           	psect	text0
    22  07DB                     _main
    23                           ;	_i assigned to ?a_main+0
    24  0000                     _main$i	set	?a_main
    25                           ;LED2.C: 12: int main()
    26  07DB  1683               	bsf	3,5
    27  07DC  1303               	bcf	3,6	;carry unused
    28  07DD  0186               	clrf	6	;volatile
    29                           ;LED2.C: 16: TRISD=0;
    30  07DE  0188               	clrf	8	;volatile
    31                           ;LED2.C: 17: TRISC=0;
    32  07DF  0187               	clrf	7	;volatile
    33                           ;LED2.C: 18: PORTB=0x00;
    34  07E0  1283               	bcf	3,5
    35  07E1  0186               	clrf	6	;volatile
    36                           ;LED2.C: 20: lcd_cmd(0x38);
    37  07E2  3038               	movlw	56
    38  07E3  27C4               	call	_lcd_cmd
    39                           ;LED2.C: 21: lcd_cmd(0x01);
    40  07E4  3001               	movlw	1
    41  07E5  27C4               	call	_lcd_cmd
    42                           ;LED2.C: 22: lcd_cmd(0x02);
    43  07E6  3002               	movlw	2
    44  07E7  27C4               	call	_lcd_cmd
    45                           ;LED2.C: 23: lcd_cmd(0x0F);
    46  07E8  300F               	movlw	15
    47  07E9  27C4               	call	_lcd_cmd
    48                           ;LED2.C: 24: lcd_cmd(0x06);
    49  07EA  3006               	movlw	6
    50  07EB  27C4               	call	_lcd_cmd
    51                           ;LED2.C: 25: lcd_cmd(0x80);
    52  07EC  3080               	movlw	-128
    53  07ED  27C4               	call	_lcd_cmd
    54                           ;LED2.C: 27: for(i=0;i<10;i++)
    55  07EE  01A0               	clrf	?a_main
    56  07EF  01A1               	clrf	?a_main+1
    57  07F0                     l2
    58                           ;LED2.C: 28: lcd_data('a');
    59  07F0  3061               	movlw	97
    60  07F1  27BB               	call	_lcd_data
    61  07F2  0AA0               	incf	?a_main
    62  07F3  1903               	btfsc	3,2
    63  07F4  0AA1               	incf	?a_main+1
    64  07F5  0821               	movf	?a_main+1,w
    65  07F6  3A80               	xorlw	128
    66  07F7  00F0               	movwf	btemp
    67  07F8  3080               	movlw	128
    68  07F9  0270               	subwf	btemp,w
    69  07FA  300A               	movlw	10
    70                           ;set	bank bits for (((?a_main+0)))
    71  07FB  1903               	btfsc	3,2
    72  07FC  0220               	subwf	?a_main,w
    73  07FD  1C03               	btfss	3,0
    74  07FE  2FF0               	goto	l2
    75                           ;LED2.C: 31: while(1)
    76  07FF                     l5
    77                           ;LED2.C: 32: {}
    78  07FF  2FFF               	goto	l5
    79                           
    80                           	psect	config
    81  2007  3F7A               	dw	16250	;#
    82                           
    83                           	psect	text1
    84  07CD                     _delay
    85                           ;LED2.C: 34: void delay()
    86  07CD  0183               	clrf	3	;select bank 0
    87  07CE  1090               	bcf	16,1
    88                           ;LED2.C: 38: T1CKPS0=1;
    89  07CF  1610               	bsf	16,4
    90                           ;LED2.C: 39: T1CKPS1=1;
    91  07D0  1690               	bsf	16,5
    92                           ;LED2.C: 40: TMR1H=0X3C;
    93  07D1  303C               	movlw	60
    94  07D2  008F               	movwf	15	;volatile
    95                           ;LED2.C: 41: TMR1L=0XB0;
    96  07D3  30B0               	movlw	-80
    97  07D4  008E               	movwf	14	;volatile
    98                           ;LED2.C: 42: TMR1ON=1;
    99  07D5  1410               	bsf	16,0
   100                           ;LED2.C: 43: while(!TMR1IF);
   101  07D6                     l9
   102  07D6  1C0C               	btfss	12,0
   103  07D7  2FD6               	goto	l9
   104                           ;LED2.C: 44: TMR1IF=0;
   105  07D8  100C               	bcf	12,0
   106                           ;LED2.C: 45: TMR1ON=0;
   107  07D9  1010               	bcf	16,0
   108                           ;LED2.C: 46: }
   109  07DA  0008               	return	;W free
   110                           
   111                           	psect	text2
   112  07C4                     _lcd_cmd
   113                           ;	_cmd assigned to ?a_lcd_cmd+0
   114  0000                     _lcd_cmd$cmd	set	?a_lcd_cmd
   115                           ;_cmd stored from w
   116  07C4  0183               	clrf	3	;select bank 0
   117  07C5  00A2               	movwf	?a_lcd_cmd
   118                           ;LED2.C: 49: void lcd_cmd(unsigned char cmd)
   119  07C6  1007               	bcf	7,0
   120                           ;LED2.C: 52: RC1=0;
   121  07C7  1087               	bcf	7,1
   122                           ;LED2.C: 53: RC2=1;
   123  07C8  1507               	bsf	7,2
   124                           ;LED2.C: 54: PORTD=cmd;
   125  07C9  0088               	movwf	8	;volatile
   126                           ;LED2.C: 55: delay();
   127  07CA  27CD               	call	_delay
   128                           ;LED2.C: 56: RC2=0;
   129  07CB  1107               	bcf	7,2
   130                           ;LED2.C: 57: }
   131  07CC  0008               	return	;W free
   132                           
   133                           	psect	text3
   134  07BB                     _lcd_data
   135                           ;	_data assigned to ?a_lcd_data+0
   136  0000                     _lcd_data$data	set	?a_lcd_data
   137                           ;_data stored from w
   138  07BB  0183               	clrf	3	;select bank 0
   139  07BC  00A2               	movwf	?a_lcd_data
   140                           ;LED2.C: 59: void lcd_data(unsigned char data)
   141  07BD  1407               	bsf	7,0
   142                           ;LED2.C: 62: RC1=0;
   143  07BE  1087               	bcf	7,1
   144                           ;LED2.C: 63: RC2=1;
   145  07BF  1507               	bsf	7,2
   146                           ;LED2.C: 64: PORTD=data;
   147  07C0  0088               	movwf	8	;volatile
   148                           ;LED2.C: 65: delay();
   149  07C1  27CD               	call	_delay
   150                           ;LED2.C: 66: RC2=0;
   151  07C2  1107               	bcf	7,2
   152                           ;LED2.C: 67: }
   153  07C3  0008               	return	;W free
   154                           
   155                           	psect	text4
   156  0000                     
   157  0000                     
   158  0000                     
   159  0000                     
   160  0000                     
   161  0000                     
   162  0000                     
   163  0000                     
   164  0000                     
   165  0000                     
   166  0000                     
   167  0000                     
   168  0000                     
   169  0000                     
   170  0000                     
   171  0000                     
   172  0000                     
   173  0000                     
   174  0000                     
   175  0000                     
   176  0000                     
   177  0000                     
   178  0000                     
   179  0000                     
   180  0000                     
   181  0000                     
   182  0000                     
   183  0000                     
   184  0000                     
   185  0000                     
   186  0000                     
   187  0000                     
   188  0000                     
   189  0000                     
   190  0000                     
   191  0000                     
   192  0000                     
   193  0000                     
   194  0000                     
   195  0000                     
   196  0000                     
   197  0000                     
   198  0000                     
   199  0000                     
   200  0000                     
   201  0000                     
   202  0000                     
   203  0000                     
   204  0000                     
   205  0000                     
   206  0000                     
   207  0000                     
   208  0000                     
   209  0000                     
   210  0000                     
   211  0000                     
   212  0000                     
   213  0000                     
   214  0000                     
   215  0000                     
   216  0000                     
   217  0000                     
   218  0000                     
   219  0000                     
   220  0000                     
   221  0000                     
   222  0000                     
   223  0000                     
   224  0000                     
   225  0000                     
   226  0000                     
   227  0000                     
   228  0000                     
   229  0000                     
   230  0000                     
   231  0000                     
   232  0000                     
   233  0000                     
   234  0000                     
   235  0000                     
   236  0000                     
   237  0000                     
   238  0000                     
   239  0000                     
   240  0000                     
   241  0000                     
   242  0000                     
   243  0000                     
   244  0000                     
   245  0000                     
   246  0000                     
   247  0000                     
   248  0000                     
   249  0000                     
   250  0000                     
   251  0000                     
   252  0000                     
   253  0000                     
   254  0000                     
   255  0000                     
   256  0000                     
   257  0000                     
   258  0000                     
   259  0000                     
   260  0000                     
   261  0000                     
   262  0000                     
   263  0000                     
   264  0000                     
   265  0000                     
   266  0000                     
   267  0000                     
   268  0000                     
   269  0000                     
   270  0000                     
   271  0000                     
   272  0000                     
   273  0000                     
   274  0000                     
   275  0000                     
   276  0000                     
   277  0000                     
   278  0000                     
   279  0000                     
   280  0000                     
   281  0000                     
   282  0000                     
   283  0000                     
   284  0000                     
   285  0000                     
   286  0000                     
   287  0000                     
   288  0000                     
   289  0000                     
   290  0000                     
   291  0000                     
   292  0000                     
   293  0000                     
   294  0000                     
   295  0000                     
   296  0000                     
   297  0000                     
   298  0000                     
   299  0000                     
   300  0000                     
   301  0000                     
   302  0000                     
   303  0000                     
   304  0000                     
   305  0000                     
   306  0000                     
   307  0000                     
   308  0000                     
   309  0000                     
   310  0000                     
   311  0000                     
   312  0000                     
   313  0000                     
   314  0000                     
   315  0000                     
   316  0000                     
   317  0000                     
   318  0000                     
   319  0000                     
   320  0000                     
   321  0000                     
   322  0000                     
   323  0000                     
   324  0000                     
   325  0000                     
   326  0000                     
   327  0000                     
   328  0000                     
   329  0000                     
   330  0000                     
   331  0000                     
   332  0000                     
   333  0000                     
   334  0000                     
   335  0000                     
   336  0000                     
   337  0000                     
   338  0000                     
   339  0000                     
   340  0000                     
   341  0000                     
   342  0000                     
   343  0000                     
   344  0000                     
   345  0000                     
   346  0000                     
   347  0000                     
   348  0000                     
   349  0000                     
   350  0000                     
   351  0000                     
   352  0000                     
   353  0000                     
   354  0000                     
   355  0000                     
   356  0000                     
   357  0000                     
   358  0000                     
   359  0000                     
   360  0000                     
   361  0000                     
   362  0000                     
   363  0000                     
   364  0000                     
   365  0000                     
   366  0000                     
   367  0000                     
   368  0000                     
   369  0000                     
   370  0000                     
   371  0000                     
   372  0000                     
   373  0000                     
   374  0000                     
   375  0000                     
   376  0000                     
   377  0000                     
   378  0000                     
   379  0000                     
   380  0000                     
   381  0000                     
   382  0000                     
   383  0000                     
   384  0000                     
   385  0000                     
   386  0000                     
   387  0000                     
   388  0000                     
   389  0000                     
   390  0000                     
   391  0000                     
   392  0000                     
   393  0000                     
   394  0000                     
   395  0000                     
   396  0000                     
   397  0000                     
   398  0000                     
   399  0000                     
   400  0000                     
   401  0000                     
   402  0000                     
   403  0000                     
   404  0000                     
   405  0000                     
   406  0000                     
   407  0000                     
   408  0000                     
   409  0000                     
   410  0000                     
   411  0000                     
   412  0000                     
   413  0000                     
   414  0000                     
   415  0000                     
   416  0000                     
   417  0000                     
   418  0000                     
   419  0000                     
   420  0000                     
   421  0000                     
   422  0000                     
   423  0000                     
   424  0000                     
   425  0000                     
   426  0000                     
   427  0000                     
   428  0000                     
   429  0000                     
   430  0000                     
   431  0000                     
   432                           
   433                           	psect	temp
   434  0070                     btemp
   435  0070                     	ds	1


HI-TECH Software PICC Macro Assembler V9.50PL2
Symbol Table                                          Mon Aug 06 22:48:41 2018

       ?a_main 0020              l2 07F0              l5 07FF  
            l9 07D6       _lcd_data 07BB      ?a_lcd_cmd 0022  
         _main 07DB           btemp 0070           start 0000  
   ?a_lcd_data 0022        _lcd_cmd 07C4          _delay 07CD  
        status 0003     used_btemp0 0001  
